Using pre-set license
Built from '2020.3/staging' branch; Version is '2020.3.37f1 (8c66806a0c04) revision 9201280'; Using compiler version '192528614'; Build Type 'Release'
OS: 'Windows 10  (10.0.19044) 64bit Professional' Language: 'pt' Physical Memory: 16340 MB
BatchMode: 1, IsHumanControllingUs: 0, StartBugReporterOnCrash: 0, Is64bit: 1, IsPro: 0

COMMAND LINE ARGUMENTS:
C:\Program Files\Unity\Hub\Editor\2020.3.37f1\Editor\Unity.exe
-adb2
-batchMode
-noUpm
-name
AssetImportWorker0
-projectPath
C:/Users/Fred/Documents/Projetos Unity/Nova pasta/Butterfly/Fly Butterfly2D
-logFile
Logs/AssetImportWorker0.log
-srvPort
51358
Successfully changed project path to: C:/Users/Fred/Documents/Projetos Unity/Nova pasta/Butterfly/Fly Butterfly2D
C:/Users/Fred/Documents/Projetos Unity/Nova pasta/Butterfly/Fly Butterfly2D
Using Asset Import Pipeline V2.
Refreshing native plugins compatible for Editor in 60.06 ms, found 1 plugins.
Preloading 0 native plugins for Editor in 0.00 ms.
Initialize engine version: 2020.3.37f1 (8c66806a0c04)
[Subsystems] Discovering subsystems at path C:/Program Files/Unity/Hub/Editor/2020.3.37f1/Editor/Data/Resources/UnitySubsystems
[Subsystems] Discovering subsystems at path C:/Users/Fred/Documents/Projetos Unity/Nova pasta/Butterfly/Fly Butterfly2D/Assets
GfxDevice: creating device client; threaded=0
Direct3D:
    Version:  Direct3D 11.0 [level 11.1]
    Renderer: Radeon RX550/550 Series (ID=0x67ff)
    Vendor:   
    VRAM:     2027 MB
    Driver:   30.0.13023.4001
Initialize mono
Mono path[0] = 'C:/Program Files/Unity/Hub/Editor/2020.3.37f1/Editor/Data/Managed'
Mono path[1] = 'C:/Program Files/Unity/Hub/Editor/2020.3.37f1/Editor/Data/MonoBleedingEdge/lib/mono/unityjit'
Mono config path = 'C:/Program Files/Unity/Hub/Editor/2020.3.37f1/Editor/Data/MonoBleedingEdge/etc'
Using monoOptions --debugger-agent=transport=dt_socket,embedding=1,server=y,suspend=n,address=127.0.0.1:56832
Begin MonoManager ReloadAssembly
Registering precompiled unity dll's ...
Register platform support module: C:/Program Files/Unity/Hub/Editor/2020.3.37f1/Editor/Data/PlaybackEngines/WindowsStandaloneSupport/UnityEditor.WindowsStandalone.Extensions.dll
Registered in 0.001718 seconds.
Native extension for WindowsStandalone target not found
Refreshing native plugins compatible for Editor in 55.89 ms, found 1 plugins.
Preloading 0 native plugins for Editor in 0.00 ms.
Mono: successfully reloaded assembly
- Completed reload, in  0.579 seconds
Domain Reload Profiling:
	ReloadAssembly (580ms)
		BeginReloadAssembly (59ms)
			ExecutionOrderSort (0ms)
			DisableScriptedObjects (0ms)
			BackupInstance (0ms)
			ReleaseScriptingObjects (0ms)
			CreateAndSetChildDomain (1ms)
		EndReloadAssembly (453ms)
			LoadAssemblies (57ms)
			RebuildTransferFunctionScriptingTraits (0ms)
			SetupTypeCache (140ms)
			ReleaseScriptCaches (0ms)
			RebuildScriptCaches (28ms)
			SetupLoadedEditorAssemblies (179ms)
				LogAssemblyErrors (0ms)
				InitializePlatformSupportModulesInManaged (4ms)
				SetLoadedEditorAssemblies (0ms)
				RefreshPlugins (56ms)
				BeforeProcessingInitializeOnLoad (15ms)
				ProcessInitializeOnLoadAttributes (76ms)
				ProcessInitializeOnLoadMethodAttributes (27ms)
				AfterProcessingInitializeOnLoad (0ms)
				EditorAssembliesLoaded (0ms)
			ExecutionOrderSort2 (0ms)
			AwakeInstancesAfterBackupRestoration (0ms)
Platform modules already initialized, skipping
Registering precompiled user dll's ...
Registered in 0.001255 seconds.
Begin MonoManager ReloadAssembly
Native extension for WindowsStandalone target not found
Refreshing native plugins compatible for Editor in 54.31 ms, found 1 plugins.
Preloading 0 native plugins for Editor in 0.00 ms.
Mono: successfully reloaded assembly
- Completed reload, in  0.975 seconds
Domain Reload Profiling:
	ReloadAssembly (976ms)
		BeginReloadAssembly (147ms)
			ExecutionOrderSort (0ms)
			DisableScriptedObjects (4ms)
			BackupInstance (0ms)
			ReleaseScriptingObjects (0ms)
			CreateAndSetChildDomain (24ms)
		EndReloadAssembly (770ms)
			LoadAssemblies (90ms)
			RebuildTransferFunctionScriptingTraits (0ms)
			SetupTypeCache (208ms)
			ReleaseScriptCaches (1ms)
			RebuildScriptCaches (46ms)
			SetupLoadedEditorAssemblies (324ms)
				LogAssemblyErrors (0ms)
				InitializePlatformSupportModulesInManaged (3ms)
				SetLoadedEditorAssemblies (0ms)
				RefreshPlugins (54ms)
				BeforeProcessingInitializeOnLoad (88ms)
				ProcessInitializeOnLoadAttributes (131ms)
				ProcessInitializeOnLoadMethodAttributes (42ms)
				AfterProcessingInitializeOnLoad (5ms)
				EditorAssembliesLoaded (0ms)
			ExecutionOrderSort2 (0ms)
			AwakeInstancesAfterBackupRestoration (2ms)
Platform modules already initialized, skipping
========================================================================
Worker process is ready to serve import requests
Launched and connected shader compiler UnityShaderCompiler.exe after 0.04 seconds
Refreshing native plugins compatible for Editor in 0.85 ms, found 1 plugins.
Preloading 0 native plugins for Editor in 0.00 ms.
Unloading 2150 Unused Serialized files (Serialized files now loaded: 0)
System memory in use before: 97.8 MB.
System memory in use after: 97.9 MB.

Unloading 41 unused Assets to reduce memory usage. Loaded Objects now: 2575.
Total: 6.937700 ms (FindLiveObjects: 0.280700 ms CreateObjectMapping: 0.063600 ms MarkObjects: 6.461100 ms  DeleteObjects: 0.130600 ms)

AssetImportParameters requested are different than current active one (requested -> active):
  custom:framework-win-MediaFoundation: 216162199b28c13a410421893ffa2e32 -> 
  custom:video-decoder-ogg-theora: a1e56fd34408186e4bbccfd4996cb3dc -> 
  custom:container-muxer-webm: aa71ff27fc2769a1b78a27578f13a17b -> 
  custom:container-demuxer-webm: 4f35f7cbe854078d1ac9338744f61a02 -> 
  custom:container-demuxer-ogg: 62fdf1f143b41e24485cea50d1cbac27 -> 
  custom:video-encoder-webm-vp8: eb34c28f22e8b96e1ab97ce403110664 -> 
  custom:video-decoder-webm-vp8: 9c59270c3fd7afecdb556c50c9e8de78 -> 
  custom:audio-decoder-ogg-vorbis: bf7c407c2cedff20999df2af8eb42d56 -> 
  custom:audio-encoder-webm-vorbis: bf7c407c2cedff20999df2af8eb42d56 -> 
========================================================================
Received Import Request.
  path: Assets/Music/Hit 5.wav
  artifactKey: Guid(fdc76496dcdad7d479b294917ccd0b14) Importer(815301076,1909f56bfc062723c751e8b465ee728b)
Start importing Assets/Music/Hit 5.wav using Guid(fdc76496dcdad7d479b294917ccd0b14) Importer(815301076,1909f56bfc062723c751e8b465ee728b)  -> (artifact id: 'fd7f2825e0f35d356f06e479c4d01720') in 0.136452 seconds 
========================================================================
Received Import Request.
  Time since last request: 0.000312 seconds.
  path: Assets/Music/Sfx.mixer
  artifactKey: Guid(2459a9e2649373a4babd6f89dd9a1308) Importer(815301076,1909f56bfc062723c751e8b465ee728b)
Start importing Assets/Music/Sfx.mixer using Guid(2459a9e2649373a4babd6f89dd9a1308) Importer(815301076,1909f56bfc062723c751e8b465ee728b)  -> (artifact id: '6d0acac12e56c9baf48ef9883ac41a76') in 0.012930 seconds 
========================================================================
Received Import Request.
  Time since last request: 0.000372 seconds.
  path: Assets/Music/Hit 1.wav
  artifactKey: Guid(eb9bd5763b05d9d45be348dc15c5fc17) Importer(815301076,1909f56bfc062723c751e8b465ee728b)
Start importing Assets/Music/Hit 1.wav using Guid(eb9bd5763b05d9d45be348dc15c5fc17) Importer(815301076,1909f56bfc062723c751e8b465ee728b)  -> (artifact id: '3c1802570df85c621740ff0907e64a6a') in 0.017490 seconds 
========================================================================
Received Import Request.
  Time since last request: 0.000341 seconds.
  path: Assets/Music/TalkingCuteChiptune.mp3
  artifactKey: Guid(37ad35aca99d08349969382fa2ccac7a) Importer(815301076,1909f56bfc062723c751e8b465ee728b)
Start importing Assets/Music/TalkingCuteChiptune.mp3 using Guid(37ad35aca99d08349969382fa2ccac7a) Importer(815301076,1909f56bfc062723c751e8b465ee728b)  -> (artifact id: 'a38445caa0039fb73701b5d71ff5d4ec') in 0.019790 seconds 
========================================================================
Received Import Request.
  Time since last request: 0.000305 seconds.
  path: Assets/Music/Sound.mixer
  artifactKey: Guid(b91a3cd6793235646a92c9e042d02c72) Importer(815301076,1909f56bfc062723c751e8b465ee728b)
Start importing Assets/Music/Sound.mixer using Guid(b91a3cd6793235646a92c9e042d02c72) Importer(815301076,1909f56bfc062723c751e8b465ee728b)  -> (artifact id: '3087492f0d11307f4863ef03e6dfb5eb') in 0.003969 seconds 
========================================================================
Received Import Request.
  Time since last request: 2.846027 seconds.
  path: Assets/sprites/butterfly/butterflyEscarlate.png
  artifactKey: Guid(dd4d94746e66f714fb143d8be11737e4) Importer(815301076,1909f56bfc062723c751e8b465ee728b)
Start importing Assets/sprites/butterfly/butterflyEscarlate.png using Guid(dd4d94746e66f714fb143d8be11737e4) Importer(815301076,1909f56bfc062723c751e8b465ee728b)  -> (artifact id: '5ef22cf9ec9bb140f17d6176b49b9477') in 0.126305 seconds 
========================================================================
Received Import Request.
  Time since last request: 0.000265 seconds.
  path: Assets/sprites/butterfly/butterflyGreen.png
  artifactKey: Guid(b7a6cc1203613504c83568ffe9e0c2e0) Importer(815301076,1909f56bfc062723c751e8b465ee728b)
Start importing Assets/sprites/butterfly/butterflyGreen.png using Guid(b7a6cc1203613504c83568ffe9e0c2e0) Importer(815301076,1909f56bfc062723c751e8b465ee728b)  -> (artifact id: 'ad80e9f16f74318ed14f81cb702882b1') in 0.053762 seconds 
========================================================================
Received Import Request.
  Time since last request: 0.000300 seconds.
  path: Assets/sprites/butterfly/butterflyNight.png
  artifactKey: Guid(965b85b4ccd0b6b449c7648497253341) Importer(815301076,1909f56bfc062723c751e8b465ee728b)
Start importing Assets/sprites/butterfly/butterflyNight.png using Guid(965b85b4ccd0b6b449c7648497253341) Importer(815301076,1909f56bfc062723c751e8b465ee728b)  -> (artifact id: 'e1bbecb0aead495ee6fd5ea0d4e4d916') in 0.116070 seconds 
========================================================================
Received Import Request.
  Time since last request: 0.000336 seconds.
  path: Assets/sprites/butterfly/butterflyNoar.png
  artifactKey: Guid(9ec05083f9866504ea8a6445a576234f) Importer(815301076,1909f56bfc062723c751e8b465ee728b)
Start importing Assets/sprites/butterfly/butterflyNoar.png using Guid(9ec05083f9866504ea8a6445a576234f) Importer(815301076,1909f56bfc062723c751e8b465ee728b)  -> (artifact id: '238702fd5398320c9fa45d8b5e0da60e') in 0.079793 seconds 
========================================================================
Received Import Request.
  Time since last request: 0.000310 seconds.
  path: Assets/sprites/butterfly/butterflyOrange.png
  artifactKey: Guid(5bc830966f0400d49be9529c0379ef3c) Importer(815301076,1909f56bfc062723c751e8b465ee728b)
Start importing Assets/sprites/butterfly/butterflyOrange.png using Guid(5bc830966f0400d49be9529c0379ef3c) Importer(815301076,1909f56bfc062723c751e8b465ee728b)  -> (artifact id: '6f2eb3c43b3f9aa6dba837187411826d') in 0.051480 seconds 
========================================================================
Received Import Request.
  Time since last request: 2.188448 seconds.
  path: Assets/sprites/butterfly/butterflyRainbow.png
  artifactKey: Guid(1a6cb164ead841a4f9afba429bd2d409) Importer(815301076,1909f56bfc062723c751e8b465ee728b)
Start importing Assets/sprites/butterfly/butterflyRainbow.png using Guid(1a6cb164ead841a4f9afba429bd2d409) Importer(815301076,1909f56bfc062723c751e8b465ee728b)  -> (artifact id: '6446b8baef32a49f489d256a8d97dcb1') in 0.047754 seconds 
========================================================================
Received Import Request.
  Time since last request: 0.027595 seconds.
  path: Assets/sprites/butterfly/butterflyRed.png
  artifactKey: Guid(f0fc961de48afa5409edf7ea3887aebc) Importer(815301076,1909f56bfc062723c751e8b465ee728b)
Start importing Assets/sprites/butterfly/butterflyRed.png using Guid(f0fc961de48afa5409edf7ea3887aebc) Importer(815301076,1909f56bfc062723c751e8b465ee728b)  -> (artifact id: 'fdd76fcf9347bdf9ba3a05947d104883') in 0.044957 seconds 
========================================================================
Received Import Request.
  Time since last request: 6.443154 seconds.
  path: Assets/sprites/Cenario/Ground.mat
  artifactKey: Guid(adaf453b101922c4fb847f4ea381638e) Importer(815301076,1909f56bfc062723c751e8b465ee728b)
Start importing Assets/sprites/Cenario/Ground.mat using Guid(adaf453b101922c4fb847f4ea381638e) Importer(815301076,1909f56bfc062723c751e8b465ee728b)  -> (artifact id: '636328fae171a0693ef1d26439eb8152') in 0.039590 seconds 
========================================================================
Received Import Request.
  Time since last request: 2.277585 seconds.
  path: Assets/sprites/Resources/butterflyblue_0.prefab
  artifactKey: Guid(73e6076eb49c7cb4c9fddec8e35e5e03) Importer(815301076,1909f56bfc062723c751e8b465ee728b)
Start importing Assets/sprites/Resources/butterflyblue_0.prefab using Guid(73e6076eb49c7cb4c9fddec8e35e5e03) Importer(815301076,1909f56bfc062723c751e8b465ee728b)  -> (artifact id: '0be2c4dfb5685e922892c2ca09596e1a') in 0.040060 seconds 
========================================================================
Received Import Request.
  Time since last request: 0.000300 seconds.
  path: Assets/sprites/Resources/butterflyEscarlate_0.prefab
  artifactKey: Guid(8606d69c68c69b04cbd25cd8e65c84f7) Importer(815301076,1909f56bfc062723c751e8b465ee728b)
Start importing Assets/sprites/Resources/butterflyEscarlate_0.prefab using Guid(8606d69c68c69b04cbd25cd8e65c84f7) Importer(815301076,1909f56bfc062723c751e8b465ee728b)  -> (artifact id: '98151c60153915075d874bfb21dbbccf') in 0.033843 seconds 
========================================================================
Received Import Request.
  Time since last request: 0.000391 seconds.
  path: Assets/sprites/Resources/butterflyOrange_0.prefab
  artifactKey: Guid(72ffef95d86ef6d4f8427fd1825b52ab) Importer(815301076,1909f56bfc062723c751e8b465ee728b)
Start importing Assets/sprites/Resources/butterflyOrange_0.prefab using Guid(72ffef95d86ef6d4f8427fd1825b52ab) Importer(815301076,1909f56bfc062723c751e8b465ee728b)  -> (artifact id: 'da1e9fef27066e5dc59201101f4db767') in 0.034254 seconds 
========================================================================
Received Import Request.
  Time since last request: 0.000301 seconds.
  path: Assets/sprites/Resources/butterflyRainbow_0.prefab
  artifactKey: Guid(30393bc81ad69be428697b243f6bdf56) Importer(815301076,1909f56bfc062723c751e8b465ee728b)
Start importing Assets/sprites/Resources/butterflyRainbow_0.prefab using Guid(30393bc81ad69be428697b243f6bdf56) Importer(815301076,1909f56bfc062723c751e8b465ee728b)  -> (artifact id: '6c3f0fa0979aa5ac950aacd5b950a1ad') in 0.031767 seconds 
========================================================================
Received Import Request.
  Time since last request: 0.000336 seconds.
  path: Assets/sprites/Resources/butterflyNoar_0.prefab
  artifactKey: Guid(749cf36704d0bd04987429a93eb03aff) Importer(815301076,1909f56bfc062723c751e8b465ee728b)
Start importing Assets/sprites/Resources/butterflyNoar_0.prefab using Guid(749cf36704d0bd04987429a93eb03aff) Importer(815301076,1909f56bfc062723c751e8b465ee728b)  -> (artifact id: '3231a7a48b11f4cdc24b9312702feacf') in 0.037663 seconds 
========================================================================
Received Import Request.
  Time since last request: 0.000298 seconds.
  path: Assets/sprites/Resources/butterflyNight_0.prefab
  artifactKey: Guid(954d12c867e0787489cc39b83e02fb72) Importer(815301076,1909f56bfc062723c751e8b465ee728b)
Start importing Assets/sprites/Resources/butterflyNight_0.prefab using Guid(954d12c867e0787489cc39b83e02fb72) Importer(815301076,1909f56bfc062723c751e8b465ee728b)  -> (artifact id: '35a481cfb08d9945a5258219a39a2fb5') in 0.064542 seconds 
========================================================================
Received Import Request.
  Time since last request: 0.000376 seconds.
  path: Assets/sprites/Resources/butterflyGreen_0.prefab
  artifactKey: Guid(fe997012ea66bc6489c4a8017fec77d9) Importer(815301076,1909f56bfc062723c751e8b465ee728b)
Start importing Assets/sprites/Resources/butterflyGreen_0.prefab using Guid(fe997012ea66bc6489c4a8017fec77d9) Importer(815301076,1909f56bfc062723c751e8b465ee728b)  -> (artifact id: 'e02a3e2e114a88b4e04e90786adeb30c') in 0.030108 seconds 
========================================================================
Received Import Request.
  Time since last request: 0.818458 seconds.
  path: Assets/sprites/Resources/butterfly_0.prefab
  artifactKey: Guid(37c1252f02ef7564d9a84996acad52ce) Importer(815301076,1909f56bfc062723c751e8b465ee728b)
Start importing Assets/sprites/Resources/butterfly_0.prefab using Guid(37c1252f02ef7564d9a84996acad52ce) Importer(815301076,1909f56bfc062723c751e8b465ee728b)  -> (artifact id: '8b5294c42ca7d8cf6149741d34e5663a') in 0.035077 seconds 
========================================================================
Received Import Request.
  Time since last request: 84.322074 seconds.
  path: Assets/sprites/Resources/butterflyRed_0.prefab
  artifactKey: Guid(acadc6fe32cfdfd4ab4b75a615180945) Importer(815301076,1909f56bfc062723c751e8b465ee728b)
Start importing Assets/sprites/Resources/butterflyRed_0.prefab using Guid(acadc6fe32cfdfd4ab4b75a615180945) Importer(815301076,1909f56bfc062723c751e8b465ee728b)  -> (artifact id: '4169bbda6ffe02464a0ecb237ea5b39b') in 0.034458 seconds 
========================================================================
Received Import Request.
  Time since last request: 0.025636 seconds.
  path: Assets/sprites/Resources/carvalho.prefab
  artifactKey: Guid(d77233303d034e24a8d557275db79252) Importer(815301076,1909f56bfc062723c751e8b465ee728b)
Start importing Assets/sprites/Resources/carvalho.prefab using Guid(d77233303d034e24a8d557275db79252) Importer(815301076,1909f56bfc062723c751e8b465ee728b)  -> (artifact id: 'a94449ff359e0761e4e607da7dd27757') in 0.027457 seconds 
========================================================================
Received Import Request.
  Time since last request: 0.471540 seconds.
  path: Assets/sprites/Resources/Nuvem (1).prefab
  artifactKey: Guid(81a2d650a53405e42b6a6e825b0e4217) Importer(815301076,1909f56bfc062723c751e8b465ee728b)
Start importing Assets/sprites/Resources/Nuvem (1).prefab using Guid(81a2d650a53405e42b6a6e825b0e4217) Importer(815301076,1909f56bfc062723c751e8b465ee728b)  -> (artifact id: '541d20dd87281f3ab3fde33390f1f196') in 0.028762 seconds 
========================================================================
Received Import Request.
  Time since last request: 0.025372 seconds.
  path: Assets/sprites/Resources/Nuvem (2).prefab
  artifactKey: Guid(f0e66685c294a6c4091ce425202d9a19) Importer(815301076,1909f56bfc062723c751e8b465ee728b)
Start importing Assets/sprites/Resources/Nuvem (2).prefab using Guid(f0e66685c294a6c4091ce425202d9a19) Importer(815301076,1909f56bfc062723c751e8b465ee728b)  -> (artifact id: 'af4cfc75106e6a8a98a3a7a0477f49c7') in 0.027806 seconds 
========================================================================
Received Import Request.
  Time since last request: 0.023536 seconds.
  path: Assets/sprites/Resources/Nuvem (3).prefab
  artifactKey: Guid(129a40fac7f8ef04a968fa2bdfc2af6b) Importer(815301076,1909f56bfc062723c751e8b465ee728b)
Start importing Assets/sprites/Resources/Nuvem (3).prefab using Guid(129a40fac7f8ef04a968fa2bdfc2af6b) Importer(815301076,1909f56bfc062723c751e8b465ee728b)  -> (artifact id: '63cd7ae83039e903138ef4ce27062000') in 0.036442 seconds 
========================================================================
Received Import Request.
  Time since last request: 1.436350 seconds.
  path: Assets/sprites/Resources/pinheiro.prefab
  artifactKey: Guid(7246e7d0eb43c574cb389da3a22bf9ba) Importer(815301076,1909f56bfc062723c751e8b465ee728b)
Start importing Assets/sprites/Resources/pinheiro.prefab using Guid(7246e7d0eb43c574cb389da3a22bf9ba) Importer(815301076,1909f56bfc062723c751e8b465ee728b)  -> (artifact id: '58c67eeb9c649d1a0cc2d84d42860d14') in 0.027780 seconds 
========================================================================
Received Import Request.
  Time since last request: 892.442222 seconds.
  path: Assets/sprites/Resources/carvalho.prefab
  artifactKey: Guid(d77233303d034e24a8d557275db79252) Importer(815301076,1909f56bfc062723c751e8b465ee728b)
Start importing Assets/sprites/Resources/carvalho.prefab using Guid(d77233303d034e24a8d557275db79252) Importer(815301076,1909f56bfc062723c751e8b465ee728b)  -> (artifact id: '2677339f6f82b44b410986017d8ba044') in 0.022735 seconds 
========================================================================
Received Import Request.
  Time since last request: 178.145465 seconds.
  path: Assets/sprites/Resources/Nectar.prefab
  artifactKey: Guid(02cf97846629e0a40a5a6e5b0d426f37) Importer(815301076,1909f56bfc062723c751e8b465ee728b)
Start importing Assets/sprites/Resources/Nectar.prefab using Guid(02cf97846629e0a40a5a6e5b0d426f37) Importer(815301076,1909f56bfc062723c751e8b465ee728b)  -> (artifact id: 'c92e8cc95a86abb39f3a3f1b0a1ed650') in 0.030094 seconds 
========================================================================
Received Import Request.
  Time since last request: 139.129118 seconds.
  path: Assets/sprites/Resources/Nuvem (1).prefab
  artifactKey: Guid(81a2d650a53405e42b6a6e825b0e4217) Importer(815301076,1909f56bfc062723c751e8b465ee728b)
Start importing Assets/sprites/Resources/Nuvem (1).prefab using Guid(81a2d650a53405e42b6a6e825b0e4217) Importer(815301076,1909f56bfc062723c751e8b465ee728b)  -> (artifact id: '6381e66b379e2fac8e2432db36754a67') in 0.022387 seconds 
========================================================================
Received Import Request.
  Time since last request: 101.307764 seconds.
  path: Assets/sprites/Resources/Nuvem (2).prefab
  artifactKey: Guid(f0e66685c294a6c4091ce425202d9a19) Importer(815301076,1909f56bfc062723c751e8b465ee728b)
Start importing Assets/sprites/Resources/Nuvem (2).prefab using Guid(f0e66685c294a6c4091ce425202d9a19) Importer(815301076,1909f56bfc062723c751e8b465ee728b)  -> (artifact id: '235980460165900a98bf9098e300980a') in 0.068268 seconds 
========================================================================
Received Import Request.
  Time since last request: 126.517417 seconds.
  path: Assets/sprites/Resources/Nuvem (3).prefab
  artifactKey: Guid(129a40fac7f8ef04a968fa2bdfc2af6b) Importer(815301076,1909f56bfc062723c751e8b465ee728b)
Start importing Assets/sprites/Resources/Nuvem (3).prefab using Guid(129a40fac7f8ef04a968fa2bdfc2af6b) Importer(815301076,1909f56bfc062723c751e8b465ee728b)  -> (artifact id: '42b9afda705b911afbe0f67529f28b91') in 0.062637 seconds 
========================================================================
Received Import Request.
  Time since last request: 325.618131 seconds.
  path: Assets/sprites/Resources/pinheiro.prefab
  artifactKey: Guid(7246e7d0eb43c574cb389da3a22bf9ba) Importer(815301076,1909f56bfc062723c751e8b465ee728b)
Start importing Assets/sprites/Resources/pinheiro.prefab using Guid(7246e7d0eb43c574cb389da3a22bf9ba) Importer(815301076,1909f56bfc062723c751e8b465ee728b)  -> (artifact id: '09bdd2cd57ecfd8dcd4f29e09b2910bf') in 0.054919 seconds 
========================================================================
Received Import Request.
  Time since last request: 15.937465 seconds.
  path: Assets/sprites/Resources/butterfly_0.prefab
  artifactKey: Guid(37c1252f02ef7564d9a84996acad52ce) Importer(815301076,1909f56bfc062723c751e8b465ee728b)
Start importing Assets/sprites/Resources/butterfly_0.prefab using Guid(37c1252f02ef7564d9a84996acad52ce) Importer(815301076,1909f56bfc062723c751e8b465ee728b)  -> (artifact id: 'a6036ebcbbe6d85746cc20519b9c031c') in 0.034704 seconds 
========================================================================
Received Import Request.
  Time since last request: 0.026584 seconds.
  path: Assets/sprites/Resources/arvore.prefab
  artifactKey: Guid(b357eb48209027f4ca6fa120dac300f8) Importer(815301076,1909f56bfc062723c751e8b465ee728b)
Start importing Assets/sprites/Resources/arvore.prefab using Guid(b357eb48209027f4ca6fa120dac300f8) Importer(815301076,1909f56bfc062723c751e8b465ee728b)  -> (artifact id: 'b28216bafbdb705b2d55834daf4356bf') in 0.028289 seconds 
========================================================================
Received Import Request.
  Time since last request: 443.560245 seconds.
  path: Assets/sprites/Resources/butterflyNight_0.prefab
  artifactKey: Guid(954d12c867e0787489cc39b83e02fb72) Importer(815301076,1909f56bfc062723c751e8b465ee728b)
Start importing Assets/sprites/Resources/butterflyNight_0.prefab using Guid(954d12c867e0787489cc39b83e02fb72) Importer(815301076,1909f56bfc062723c751e8b465ee728b)  -> (artifact id: 'd12c0d4a36d64b0e3425f825394ea9fb') in 0.071919 seconds 
========================================================================
Received Import Request.
  Time since last request: 6546.146208 seconds.
  path: Assets/sprites/Resources/butterflyNoar_0.prefab
  artifactKey: Guid(749cf36704d0bd04987429a93eb03aff) Importer(815301076,1909f56bfc062723c751e8b465ee728b)
Start importing Assets/sprites/Resources/butterflyNoar_0.prefab using Guid(749cf36704d0bd04987429a93eb03aff) Importer(815301076,1909f56bfc062723c751e8b465ee728b)  -> (artifact id: '0e66d3c173ee63dfade5530a2e6f87e0') in 0.150682 seconds 
========================================================================
Received Import Request.
  Time since last request: 58.066823 seconds.
  path: Assets/sprites/Resources/butterflyOrange_0.prefab
  artifactKey: Guid(72ffef95d86ef6d4f8427fd1825b52ab) Importer(815301076,1909f56bfc062723c751e8b465ee728b)
Start importing Assets/sprites/Resources/butterflyOrange_0.prefab using Guid(72ffef95d86ef6d4f8427fd1825b52ab) Importer(815301076,1909f56bfc062723c751e8b465ee728b)  -> (artifact id: '04843cec012205601af48c78bbbef0e1') in 0.061888 seconds 
========================================================================
Received Import Request.
  Time since last request: 67.917428 seconds.
  path: Assets/sprites/Resources/butterflyRainbow_0.prefab
  artifactKey: Guid(30393bc81ad69be428697b243f6bdf56) Importer(815301076,1909f56bfc062723c751e8b465ee728b)
Start importing Assets/sprites/Resources/butterflyRainbow_0.prefab using Guid(30393bc81ad69be428697b243f6bdf56) Importer(815301076,1909f56bfc062723c751e8b465ee728b)  -> (artifact id: 'de1d092ad16c223b532c2d663198aa79') in 0.025479 seconds 
========================================================================
Received Import Request.
  Time since last request: 68.443501 seconds.
  path: Assets/sprites/Resources/butterflyRed_0.prefab
  artifactKey: Guid(acadc6fe32cfdfd4ab4b75a615180945) Importer(815301076,1909f56bfc062723c751e8b465ee728b)
Start importing Assets/sprites/Resources/butterflyRed_0.prefab using Guid(acadc6fe32cfdfd4ab4b75a615180945) Importer(815301076,1909f56bfc062723c751e8b465ee728b)  -> (artifact id: '0c676f2ae01f7af38eb81cba39858262') in 0.023898 seconds 
========================================================================
Received Prepare
Registering precompiled user dll's ...
Registered in 0.001193 seconds.
Begin MonoManager ReloadAssembly
Native extension for WindowsStandalone target not found
Refreshing native plugins compatible for Editor in 0.87 ms, found 1 plugins.
Preloading 0 native plugins for Editor in 0.00 ms.
Mono: successfully reloaded assembly
- Completed reload, in  0.869 seconds
Domain Reload Profiling:
	ReloadAssembly (870ms)
		BeginReloadAssembly (116ms)
			ExecutionOrderSort (0ms)
			DisableScriptedObjects (5ms)
			BackupInstance (0ms)
			ReleaseScriptingObjects (0ms)
			CreateAndSetChildDomain (37ms)
		EndReloadAssembly (694ms)
			LoadAssemblies (91ms)
			RebuildTransferFunctionScriptingTraits (0ms)
			SetupTypeCache (205ms)
			ReleaseScriptCaches (1ms)
			RebuildScriptCaches (38ms)
			SetupLoadedEditorAssemblies (267ms)
				LogAssemblyErrors (0ms)
				InitializePlatformSupportModulesInManaged (4ms)
				SetLoadedEditorAssemblies (1ms)
				RefreshPlugins (1ms)
				BeforeProcessingInitializeOnLoad (83ms)
				ProcessInitializeOnLoadAttributes (138ms)
				ProcessInitializeOnLoadMethodAttributes (34ms)
				AfterProcessingInitializeOnLoad (5ms)
				EditorAssembliesLoaded (0ms)
			ExecutionOrderSort2 (0ms)
			AwakeInstancesAfterBackupRestoration (5ms)
Platform modules already initialized, skipping
Switching build target platform(19) subTarget(0) extendedPlatform(0) -> platform(13) subTarget(537395200) extendedPlatform(0)
Refreshing native plugins compatible for Editor in 0.91 ms, found 1 plugins.
Preloading 0 native plugins for Editor in 0.00 ms.
Unloading 2129 Unused Serialized files (Serialized files now loaded: 0)
System memory in use before: 99.0 MB.
System memory in use after: 99.1 MB.

Unloading 30 unused Assets to reduce memory usage. Loaded Objects now: 2623.
Total: 6.723700 ms (FindLiveObjects: 0.282600 ms CreateObjectMapping: 0.059400 ms MarkObjects: 6.334700 ms  DeleteObjects: 0.045400 ms)

AssetImportParameters requested are different than current active one (requested -> active):
  custom:framework-win-MediaFoundation: 216162199b28c13a410421893ffa2e32 -> 
  custom:video-decoder-ogg-theora: a1e56fd34408186e4bbccfd4996cb3dc -> 
  custom:container-muxer-webm: aa71ff27fc2769a1b78a27578f13a17b -> 
  custom:container-demuxer-webm: 4f35f7cbe854078d1ac9338744f61a02 -> 
  custom:container-demuxer-ogg: 62fdf1f143b41e24485cea50d1cbac27 -> 
  custom:video-encoder-webm-vp8: eb34c28f22e8b96e1ab97ce403110664 -> 
  custom:video-decoder-webm-vp8: 9c59270c3fd7afecdb556c50c9e8de78 -> 
  custom:graphics/normal-map-encoding: 01000000000000000000000000000000 -> 02000000000000000000000000000000
  custom:audio-decoder-ogg-vorbis: bf7c407c2cedff20999df2af8eb42d56 -> 
  custom:audio-encoder-webm-vorbis: bf7c407c2cedff20999df2af8eb42d56 -> 
========================================================================
Received Import Request.
  Time since last request: 121.253619 seconds.
  path: Assets/sprites/Resources/Nectar.prefab
  artifactKey: Guid(02cf97846629e0a40a5a6e5b0d426f37) Importer(815301076,1909f56bfc062723c751e8b465ee728b)
Start importing Assets/sprites/Resources/Nectar.prefab using Guid(02cf97846629e0a40a5a6e5b0d426f37) Importer(815301076,1909f56bfc062723c751e8b465ee728b)  -> (artifact id: '2741e302084fef0e468708f4fde1002f') in 0.079430 seconds 
========================================================================
Received Import Request.
  Time since last request: 2.124360 seconds.
  path: Assets/sprites/Resources/carvalho.prefab
  artifactKey: Guid(d77233303d034e24a8d557275db79252) Importer(815301076,1909f56bfc062723c751e8b465ee728b)
Start importing Assets/sprites/Resources/carvalho.prefab using Guid(d77233303d034e24a8d557275db79252) Importer(815301076,1909f56bfc062723c751e8b465ee728b)  -> (artifact id: '2dab00ded3fa956d01059665e350ba64') in 0.022809 seconds 
========================================================================
Received Import Request.
  Time since last request: 4.805864 seconds.
  path: Assets/sprites/Resources/Nuvem (1).prefab
  artifactKey: Guid(81a2d650a53405e42b6a6e825b0e4217) Importer(815301076,1909f56bfc062723c751e8b465ee728b)
Start importing Assets/sprites/Resources/Nuvem (1).prefab using Guid(81a2d650a53405e42b6a6e825b0e4217) Importer(815301076,1909f56bfc062723c751e8b465ee728b)  -> (artifact id: '88e1c67842ac3151fd7eb01eaadb7cc9') in 0.024420 seconds 
========================================================================
Received Import Request.
  Time since last request: 2.474134 seconds.
  path: Assets/sprites/Resources/Nuvem (2).prefab
  artifactKey: Guid(f0e66685c294a6c4091ce425202d9a19) Importer(815301076,1909f56bfc062723c751e8b465ee728b)
Start importing Assets/sprites/Resources/Nuvem (2).prefab using Guid(f0e66685c294a6c4091ce425202d9a19) Importer(815301076,1909f56bfc062723c751e8b465ee728b)  -> (artifact id: '938486435062aa82fd6e40e3c6269726') in 0.020003 seconds 
========================================================================
Received Import Request.
  Time since last request: 2.542156 seconds.
  path: Assets/sprites/Resources/Nuvem (3).prefab
  artifactKey: Guid(129a40fac7f8ef04a968fa2bdfc2af6b) Importer(815301076,1909f56bfc062723c751e8b465ee728b)
Start importing Assets/sprites/Resources/Nuvem (3).prefab using Guid(129a40fac7f8ef04a968fa2bdfc2af6b) Importer(815301076,1909f56bfc062723c751e8b465ee728b)  -> (artifact id: 'aac6f49b5e4075486e5f8c198273a419') in 0.025438 seconds 
========================================================================
Received Import Request.
  Time since last request: 6.921623 seconds.
  path: Assets/sprites/Resources/pinheiro.prefab
  artifactKey: Guid(7246e7d0eb43c574cb389da3a22bf9ba) Importer(815301076,1909f56bfc062723c751e8b465ee728b)
Start importing Assets/sprites/Resources/pinheiro.prefab using Guid(7246e7d0eb43c574cb389da3a22bf9ba) Importer(815301076,1909f56bfc062723c751e8b465ee728b)  -> (artifact id: '250a8319897d0f128ea51551192d4d47') in 0.019878 seconds 
========================================================================
Received Import Request.
  Time since last request: 2.282256 seconds.
  path: Assets/sprites/Resources/butterflyGreen_0.prefab
  artifactKey: Guid(fe997012ea66bc6489c4a8017fec77d9) Importer(815301076,1909f56bfc062723c751e8b465ee728b)
Start importing Assets/sprites/Resources/butterflyGreen_0.prefab using Guid(fe997012ea66bc6489c4a8017fec77d9) Importer(815301076,1909f56bfc062723c751e8b465ee728b)  -> (artifact id: '64112070ad813828e6439be2bd1fc581') in 0.030179 seconds 
========================================================================
Received Import Request.
  Time since last request: 0.387079 seconds.
  path: Assets/sprites/Resources/butterflyEscarlate_0.prefab
  artifactKey: Guid(8606d69c68c69b04cbd25cd8e65c84f7) Importer(815301076,1909f56bfc062723c751e8b465ee728b)
Start importing Assets/sprites/Resources/butterflyEscarlate_0.prefab using Guid(8606d69c68c69b04cbd25cd8e65c84f7) Importer(815301076,1909f56bfc062723c751e8b465ee728b)  -> (artifact id: 'bc6fa3f9bb78b3faa400209aea8d1266') in 0.032356 seconds 
========================================================================
Received Import Request.
  Time since last request: 0.030414 seconds.
  path: Assets/sprites/Resources/butterflyblue_0.prefab
  artifactKey: Guid(73e6076eb49c7cb4c9fddec8e35e5e03) Importer(815301076,1909f56bfc062723c751e8b465ee728b)
Start importing Assets/sprites/Resources/butterflyblue_0.prefab using Guid(73e6076eb49c7cb4c9fddec8e35e5e03) Importer(815301076,1909f56bfc062723c751e8b465ee728b)  -> (artifact id: 'b2e10b558acb708039bfe659e16fecfb') in 0.031235 seconds 
========================================================================
Received Import Request.
  Time since last request: 3.514113 seconds.
  path: Assets/sprites/Resources/arvore.prefab
  artifactKey: Guid(b357eb48209027f4ca6fa120dac300f8) Importer(815301076,1909f56bfc062723c751e8b465ee728b)
Start importing Assets/sprites/Resources/arvore.prefab using Guid(b357eb48209027f4ca6fa120dac300f8) Importer(815301076,1909f56bfc062723c751e8b465ee728b)  -> (artifact id: '5634a9130921594cf0cb33a33eea5e95') in 0.022872 seconds 
========================================================================
Received Prepare
Registering precompiled user dll's ...
Registered in 0.001213 seconds.
Begin MonoManager ReloadAssembly
Native extension for WindowsStandalone target not found
Refreshing native plugins compatible for Editor in 0.86 ms, found 1 plugins.
Preloading 0 native plugins for Editor in 0.00 ms.
Mono: successfully reloaded assembly
- Completed reload, in  0.877 seconds
Domain Reload Profiling:
	ReloadAssembly (877ms)
		BeginReloadAssembly (108ms)
			ExecutionOrderSort (0ms)
			DisableScriptedObjects (6ms)
			BackupInstance (0ms)
			ReleaseScriptingObjects (0ms)
			CreateAndSetChildDomain (33ms)
		EndReloadAssembly (710ms)
			LoadAssemblies (91ms)
			RebuildTransferFunctionScriptingTraits (0ms)
			SetupTypeCache (217ms)
			ReleaseScriptCaches (1ms)
			RebuildScriptCaches (40ms)
			SetupLoadedEditorAssemblies (263ms)
				LogAssemblyErrors (0ms)
				InitializePlatformSupportModulesInManaged (4ms)
				SetLoadedEditorAssemblies (0ms)
				RefreshPlugins (1ms)
				BeforeProcessingInitializeOnLoad (83ms)
				ProcessInitializeOnLoadAttributes (135ms)
				ProcessInitializeOnLoadMethodAttributes (33ms)
				AfterProcessingInitializeOnLoad (6ms)
				EditorAssembliesLoaded (0ms)
			ExecutionOrderSort2 (0ms)
			AwakeInstancesAfterBackupRestoration (5ms)
Platform modules already initialized, skipping
Switching build target platform(19) subTarget(0) extendedPlatform(0) -> platform(13) subTarget(537395200) extendedPlatform(0)
Refreshing native plugins compatible for Editor in 0.86 ms, found 1 plugins.
Preloading 0 native plugins for Editor in 0.00 ms.
Unloading 2129 Unused Serialized files (Serialized files now loaded: 0)
System memory in use before: 99.0 MB.
System memory in use after: 99.1 MB.

Unloading 30 unused Assets to reduce memory usage. Loaded Objects now: 2627.
Total: 6.625300 ms (FindLiveObjects: 0.276100 ms CreateObjectMapping: 0.060200 ms MarkObjects: 6.247600 ms  DeleteObjects: 0.039700 ms)

AssetImportParameters requested are different than current active one (requested -> active):
  custom:framework-win-MediaFoundation: 216162199b28c13a410421893ffa2e32 -> 
  custom:video-decoder-ogg-theora: a1e56fd34408186e4bbccfd4996cb3dc -> 
  custom:container-muxer-webm: aa71ff27fc2769a1b78a27578f13a17b -> 
  custom:container-demuxer-webm: 4f35f7cbe854078d1ac9338744f61a02 -> 
  custom:container-demuxer-ogg: 62fdf1f143b41e24485cea50d1cbac27 -> 
  custom:video-encoder-webm-vp8: eb34c28f22e8b96e1ab97ce403110664 -> 
  custom:video-decoder-webm-vp8: 9c59270c3fd7afecdb556c50c9e8de78 -> 
  custom:graphics/normal-map-encoding: 01000000000000000000000000000000 -> 02000000000000000000000000000000
  custom:audio-decoder-ogg-vorbis: bf7c407c2cedff20999df2af8eb42d56 -> 
  custom:audio-encoder-webm-vorbis: bf7c407c2cedff20999df2af8eb42d56 -> 
========================================================================
Received Import Request.
  Time since last request: 98.260596 seconds.
  path: Assets/sprites/Resources/butterflyNoar_0.prefab
  artifactKey: Guid(749cf36704d0bd04987429a93eb03aff) Importer(815301076,1909f56bfc062723c751e8b465ee728b)
Start importing Assets/sprites/Resources/butterflyNoar_0.prefab using Guid(749cf36704d0bd04987429a93eb03aff) Importer(815301076,1909f56bfc062723c751e8b465ee728b)  -> (artifact id: '65e2243d67dce5e76853615f9a5ec8c3') in 0.080356 seconds 
========================================================================
Received Import Request.
  Time since last request: 0.000355 seconds.
  path: Assets/sprites/Resources/butterfly_0.prefab
  artifactKey: Guid(37c1252f02ef7564d9a84996acad52ce) Importer(815301076,1909f56bfc062723c751e8b465ee728b)
Start importing Assets/sprites/Resources/butterfly_0.prefab using Guid(37c1252f02ef7564d9a84996acad52ce) Importer(815301076,1909f56bfc062723c751e8b465ee728b)  -> (artifact id: 'f3ca5e7ae5a2d3eb8e00f0689d29c31f') in 0.033237 seconds 
========================================================================
Received Import Request.
  Time since last request: 0.000410 seconds.
  path: Assets/sprites/Resources/butterflyOrange_0.prefab
  artifactKey: Guid(72ffef95d86ef6d4f8427fd1825b52ab) Importer(815301076,1909f56bfc062723c751e8b465ee728b)
Start importing Assets/sprites/Resources/butterflyOrange_0.prefab using Guid(72ffef95d86ef6d4f8427fd1825b52ab) Importer(815301076,1909f56bfc062723c751e8b465ee728b)  -> (artifact id: '055031ac42a55725474006fd56520f43') in 0.025874 seconds 
========================================================================
Received Import Request.
  Time since last request: 0.000298 seconds.
  path: Assets/sprites/Resources/butterflyRainbow_0.prefab
  artifactKey: Guid(30393bc81ad69be428697b243f6bdf56) Importer(815301076,1909f56bfc062723c751e8b465ee728b)
Start importing Assets/sprites/Resources/butterflyRainbow_0.prefab using Guid(30393bc81ad69be428697b243f6bdf56) Importer(815301076,1909f56bfc062723c751e8b465ee728b)  -> (artifact id: 'bfe9144c9b88069a3af0a5f36ee3e319') in 0.024912 seconds 
========================================================================
Received Import Request.
  Time since last request: 0.000319 seconds.
  path: Assets/sprites/Resources/butterflyRed_0.prefab
  artifactKey: Guid(acadc6fe32cfdfd4ab4b75a615180945) Importer(815301076,1909f56bfc062723c751e8b465ee728b)
Start importing Assets/sprites/Resources/butterflyRed_0.prefab using Guid(acadc6fe32cfdfd4ab4b75a615180945) Importer(815301076,1909f56bfc062723c751e8b465ee728b)  -> (artifact id: 'c474f0ca37316356effd8ca2acf3a81c') in 0.024506 seconds 
========================================================================
Received Import Request.
  Time since last request: 33.793804 seconds.
  path: Assets/sprites/Resources/butterflyNight_0.prefab
  artifactKey: Guid(954d12c867e0787489cc39b83e02fb72) Importer(815301076,1909f56bfc062723c751e8b465ee728b)
Start importing Assets/sprites/Resources/butterflyNight_0.prefab using Guid(954d12c867e0787489cc39b83e02fb72) Importer(815301076,1909f56bfc062723c751e8b465ee728b)  -> (artifact id: '4de5edc0cc8138cddade32bc75ac3864') in 0.073450 seconds 
========================================================================
Received Import Request.
  Time since last request: 0.000342 seconds.
  path: Assets/sprites/Resources/butterflyGreen_0.prefab
  artifactKey: Guid(fe997012ea66bc6489c4a8017fec77d9) Importer(815301076,1909f56bfc062723c751e8b465ee728b)
Start importing Assets/sprites/Resources/butterflyGreen_0.prefab using Guid(fe997012ea66bc6489c4a8017fec77d9) Importer(815301076,1909f56bfc062723c751e8b465ee728b)  -> (artifact id: 'dfbf04a80ed400ca9032bccce9f6016d') in 0.026509 seconds 
========================================================================
Received Import Request.
  Time since last request: 0.000302 seconds.
  path: Assets/sprites/Resources/butterflyEscarlate_0.prefab
  artifactKey: Guid(8606d69c68c69b04cbd25cd8e65c84f7) Importer(815301076,1909f56bfc062723c751e8b465ee728b)
Start importing Assets/sprites/Resources/butterflyEscarlate_0.prefab using Guid(8606d69c68c69b04cbd25cd8e65c84f7) Importer(815301076,1909f56bfc062723c751e8b465ee728b)  -> (artifact id: 'ac32a929749045a227576558dc6298e8') in 0.029126 seconds 
========================================================================
Received Import Request.
  Time since last request: 0.000300 seconds.
  path: Assets/sprites/Resources/butterflyblue_0.prefab
  artifactKey: Guid(73e6076eb49c7cb4c9fddec8e35e5e03) Importer(815301076,1909f56bfc062723c751e8b465ee728b)
Start importing Assets/sprites/Resources/butterflyblue_0.prefab using Guid(73e6076eb49c7cb4c9fddec8e35e5e03) Importer(815301076,1909f56bfc062723c751e8b465ee728b)  -> (artifact id: '01ee0ff91bf36a522118d68d66a0b453') in 0.028342 seconds 
========================================================================
Received Prepare
Registering precompiled user dll's ...
Registered in 0.001175 seconds.
Begin MonoManager ReloadAssembly
Native extension for WindowsStandalone target not found
Refreshing native plugins compatible for Editor in 0.86 ms, found 1 plugins.
Preloading 0 native plugins for Editor in 0.00 ms.
Mono: successfully reloaded assembly
- Completed reload, in  0.861 seconds
Domain Reload Profiling:
	ReloadAssembly (862ms)
		BeginReloadAssembly (107ms)
			ExecutionOrderSort (0ms)
			DisableScriptedObjects (6ms)
			BackupInstance (0ms)
			ReleaseScriptingObjects (0ms)
			CreateAndSetChildDomain (32ms)
		EndReloadAssembly (696ms)
			LoadAssemblies (88ms)
			RebuildTransferFunctionScriptingTraits (0ms)
			SetupTypeCache (200ms)
			ReleaseScriptCaches (1ms)
			RebuildScriptCaches (38ms)
			SetupLoadedEditorAssemblies (265ms)
				LogAssemblyErrors (0ms)
				InitializePlatformSupportModulesInManaged (4ms)
				SetLoadedEditorAssemblies (1ms)
				RefreshPlugins (1ms)
				BeforeProcessingInitializeOnLoad (83ms)
				ProcessInitializeOnLoadAttributes (136ms)
				ProcessInitializeOnLoadMethodAttributes (35ms)
				AfterProcessingInitializeOnLoad (5ms)
				EditorAssembliesLoaded (0ms)
			ExecutionOrderSort2 (0ms)
			AwakeInstancesAfterBackupRestoration (5ms)
Platform modules already initialized, skipping
Switching build target platform(19) subTarget(0) extendedPlatform(0) -> platform(13) subTarget(537395200) extendedPlatform(0)
Refreshing native plugins compatible for Editor in 0.89 ms, found 1 plugins.
Preloading 0 native plugins for Editor in 0.00 ms.
Unloading 2129 Unused Serialized files (Serialized files now loaded: 0)
System memory in use before: 99.1 MB.
System memory in use after: 99.2 MB.

Unloading 30 unused Assets to reduce memory usage. Loaded Objects now: 2631.
Total: 6.855000 ms (FindLiveObjects: 0.277300 ms CreateObjectMapping: 0.060700 ms MarkObjects: 6.469900 ms  DeleteObjects: 0.045400 ms)

AssetImportParameters requested are different than current active one (requested -> active):
  custom:framework-win-MediaFoundation: 216162199b28c13a410421893ffa2e32 -> 
  custom:video-decoder-ogg-theora: a1e56fd34408186e4bbccfd4996cb3dc -> 
  custom:container-muxer-webm: aa71ff27fc2769a1b78a27578f13a17b -> 
  custom:container-demuxer-webm: 4f35f7cbe854078d1ac9338744f61a02 -> 
  custom:container-demuxer-ogg: 62fdf1f143b41e24485cea50d1cbac27 -> 
  custom:video-encoder-webm-vp8: eb34c28f22e8b96e1ab97ce403110664 -> 
  custom:video-decoder-webm-vp8: 9c59270c3fd7afecdb556c50c9e8de78 -> 
  custom:graphics/normal-map-encoding: 01000000000000000000000000000000 -> 02000000000000000000000000000000
  custom:audio-decoder-ogg-vorbis: bf7c407c2cedff20999df2af8eb42d56 -> 
  custom:audio-encoder-webm-vorbis: bf7c407c2cedff20999df2af8eb42d56 -> 
========================================================================
Received Import Request.
  Time since last request: 59.394100 seconds.
  path: Assets/sprites/UI/LogoSmart8.jpg
  artifactKey: Guid(c10495e537baf9349a0019de0dc61b61) Importer(815301076,1909f56bfc062723c751e8b465ee728b)
Start importing Assets/sprites/UI/LogoSmart8.jpg using Guid(c10495e537baf9349a0019de0dc61b61) Importer(815301076,1909f56bfc062723c751e8b465ee728b)  -> (artifact id: 'c5ee8c8aaf79f0e1c4f2b4c4296df9c9') in 0.067474 seconds 
========================================================================
Received Import Request.
  Time since last request: 0.000309 seconds.
  path: Assets/sprites/UI/LogoSmart8.png
  artifactKey: Guid(4fdb2bd4c00e9c24b867fb9af5213f5b) Importer(815301076,1909f56bfc062723c751e8b465ee728b)
Start importing Assets/sprites/UI/LogoSmart8.png using Guid(4fdb2bd4c00e9c24b867fb9af5213f5b) Importer(815301076,1909f56bfc062723c751e8b465ee728b)  -> (artifact id: '6ed526247a33e98bda280be4bcc41e60') in 0.025968 seconds 
========================================================================
Received Import Request.
  Time since last request: 17.723924 seconds.
  path: Assets/sprites/Cenario/Sky1.mat
  artifactKey: Guid(b6cc73209eb14ac41a6291a0898e3176) Importer(815301076,1909f56bfc062723c751e8b465ee728b)
Start importing Assets/sprites/Cenario/Sky1.mat using Guid(b6cc73209eb14ac41a6291a0898e3176) Importer(815301076,1909f56bfc062723c751e8b465ee728b)  -> (artifact id: '108d89da44a21d936eacf4eecc0737b0') in 0.063674 seconds 
========================================================================
Received Prepare
Registering precompiled user dll's ...
Registered in 0.001223 seconds.
Begin MonoManager ReloadAssembly
Native extension for WindowsStandalone target not found
Refreshing native plugins compatible for Editor in 0.87 ms, found 1 plugins.
Preloading 0 native plugins for Editor in 0.00 ms.
Mono: successfully reloaded assembly
- Completed reload, in  0.881 seconds
Domain Reload Profiling:
	ReloadAssembly (882ms)
		BeginReloadAssembly (125ms)
			ExecutionOrderSort (0ms)
			DisableScriptedObjects (6ms)
			BackupInstance (0ms)
			ReleaseScriptingObjects (0ms)
			CreateAndSetChildDomain (39ms)
		EndReloadAssembly (697ms)
			LoadAssemblies (94ms)
			RebuildTransferFunctionScriptingTraits (0ms)
			SetupTypeCache (201ms)
			ReleaseScriptCaches (1ms)
			RebuildScriptCaches (38ms)
			SetupLoadedEditorAssemblies (262ms)
				LogAssemblyErrors (0ms)
				InitializePlatformSupportModulesInManaged (4ms)
				SetLoadedEditorAssemblies (1ms)
				RefreshPlugins (1ms)
				BeforeProcessingInitializeOnLoad (81ms)
				ProcessInitializeOnLoadAttributes (136ms)
				ProcessInitializeOnLoadMethodAttributes (33ms)
				AfterProcessingInitializeOnLoad (6ms)
				EditorAssembliesLoaded (0ms)
			ExecutionOrderSort2 (0ms)
			AwakeInstancesAfterBackupRestoration (5ms)
Platform modules already initialized, skipping
Switching build target platform(19) subTarget(0) extendedPlatform(0) -> platform(13) subTarget(537395200) extendedPlatform(0)
Refreshing native plugins compatible for Editor in 0.94 ms, found 1 plugins.
Preloading 0 native plugins for Editor in 0.00 ms.
Unloading 2129 Unused Serialized files (Serialized files now loaded: 0)
System memory in use before: 99.1 MB.
System memory in use after: 99.3 MB.

Unloading 30 unused Assets to reduce memory usage. Loaded Objects now: 2637.
Total: 7.292800 ms (FindLiveObjects: 0.294800 ms CreateObjectMapping: 0.060500 ms MarkObjects: 6.888600 ms  DeleteObjects: 0.047100 ms)

AssetImportParameters requested are different than current active one (requested -> active):
  custom:framework-win-MediaFoundation: 216162199b28c13a410421893ffa2e32 -> 
  custom:video-decoder-ogg-theora: a1e56fd34408186e4bbccfd4996cb3dc -> 
  custom:container-muxer-webm: aa71ff27fc2769a1b78a27578f13a17b -> 
  custom:container-demuxer-webm: 4f35f7cbe854078d1ac9338744f61a02 -> 
  custom:container-demuxer-ogg: 62fdf1f143b41e24485cea50d1cbac27 -> 
  custom:video-encoder-webm-vp8: eb34c28f22e8b96e1ab97ce403110664 -> 
  custom:video-decoder-webm-vp8: 9c59270c3fd7afecdb556c50c9e8de78 -> 
  custom:graphics/normal-map-encoding: 01000000000000000000000000000000 -> 02000000000000000000000000000000
  custom:audio-decoder-ogg-vorbis: bf7c407c2cedff20999df2af8eb42d56 -> 
  custom:audio-encoder-webm-vorbis: bf7c407c2cedff20999df2af8eb42d56 -> 
========================================================================
Received Prepare
Registering precompiled user dll's ...
Registered in 0.001202 seconds.
Begin MonoManager ReloadAssembly
Native extension for WindowsStandalone target not found
Refreshing native plugins compatible for Editor in 0.88 ms, found 1 plugins.
Preloading 0 native plugins for Editor in 0.00 ms.
Mono: successfully reloaded assembly
- Completed reload, in  0.944 seconds
Domain Reload Profiling:
	ReloadAssembly (944ms)
		BeginReloadAssembly (119ms)
			ExecutionOrderSort (0ms)
			DisableScriptedObjects (6ms)
			BackupInstance (0ms)
			ReleaseScriptingObjects (0ms)
			CreateAndSetChildDomain (36ms)
		EndReloadAssembly (764ms)
			LoadAssemblies (95ms)
			RebuildTransferFunctionScriptingTraits (0ms)
			SetupTypeCache (208ms)
			ReleaseScriptCaches (1ms)
			RebuildScriptCaches (39ms)
			SetupLoadedEditorAssemblies (305ms)
				LogAssemblyErrors (0ms)
				InitializePlatformSupportModulesInManaged (4ms)
				SetLoadedEditorAssemblies (1ms)
				RefreshPlugins (1ms)
				BeforeProcessingInitializeOnLoad (98ms)
				ProcessInitializeOnLoadAttributes (159ms)
				ProcessInitializeOnLoadMethodAttributes (37ms)
				AfterProcessingInitializeOnLoad (5ms)
				EditorAssembliesLoaded (0ms)
			ExecutionOrderSort2 (0ms)
			AwakeInstancesAfterBackupRestoration (5ms)
Platform modules already initialized, skipping
Switching build target platform(19) subTarget(0) extendedPlatform(0) -> platform(13) subTarget(537395200) extendedPlatform(0)
Refreshing native plugins compatible for Editor in 0.90 ms, found 1 plugins.
Preloading 0 native plugins for Editor in 0.00 ms.
Unloading 2129 Unused Serialized files (Serialized files now loaded: 0)
System memory in use before: 99.2 MB.
System memory in use after: 99.3 MB.

Unloading 30 unused Assets to reduce memory usage. Loaded Objects now: 2640.
Total: 7.316600 ms (FindLiveObjects: 0.294400 ms CreateObjectMapping: 0.072100 ms MarkObjects: 6.903300 ms  DeleteObjects: 0.044600 ms)

AssetImportParameters requested are different than current active one (requested -> active):
  custom:framework-win-MediaFoundation: 216162199b28c13a410421893ffa2e32 -> 
  custom:video-decoder-ogg-theora: a1e56fd34408186e4bbccfd4996cb3dc -> 
  custom:container-muxer-webm: aa71ff27fc2769a1b78a27578f13a17b -> 
  custom:container-demuxer-webm: 4f35f7cbe854078d1ac9338744f61a02 -> 
  custom:container-demuxer-ogg: 62fdf1f143b41e24485cea50d1cbac27 -> 
  custom:video-encoder-webm-vp8: eb34c28f22e8b96e1ab97ce403110664 -> 
  custom:video-decoder-webm-vp8: 9c59270c3fd7afecdb556c50c9e8de78 -> 
  custom:graphics/normal-map-encoding: 01000000000000000000000000000000 -> 02000000000000000000000000000000
  custom:audio-decoder-ogg-vorbis: bf7c407c2cedff20999df2af8eb42d56 -> 
  custom:audio-encoder-webm-vorbis: bf7c407c2cedff20999df2af8eb42d56 -> 
========================================================================
Received Import Request.
  Time since last request: 847.281971 seconds.
  path: Assets/sprites/Resources/arvore.prefab
  artifactKey: Guid(b357eb48209027f4ca6fa120dac300f8) Importer(815301076,1909f56bfc062723c751e8b465ee728b)
Start importing Assets/sprites/Resources/arvore.prefab using Guid(b357eb48209027f4ca6fa120dac300f8) Importer(815301076,1909f56bfc062723c751e8b465ee728b)  -> (artifact id: '13b5a4a2286752919bb94d3f80fc3187') in 0.074510 seconds 
========================================================================
Received Import Request.
  Time since last request: 368.455573 seconds.
  path: Assets/sprites/Resources/pinheiro.prefab
  artifactKey: Guid(7246e7d0eb43c574cb389da3a22bf9ba) Importer(815301076,1909f56bfc062723c751e8b465ee728b)
Start importing Assets/sprites/Resources/pinheiro.prefab using Guid(7246e7d0eb43c574cb389da3a22bf9ba) Importer(815301076,1909f56bfc062723c751e8b465ee728b)  -> (artifact id: '94423f7402505e65ade3232ff7f5877c') in 0.027453 seconds 
========================================================================
Received Import Request.
  Time since last request: 92.371387 seconds.
  path: Assets/sprites/Resources/carvalho.prefab
  artifactKey: Guid(d77233303d034e24a8d557275db79252) Importer(815301076,1909f56bfc062723c751e8b465ee728b)
Start importing Assets/sprites/Resources/carvalho.prefab using Guid(d77233303d034e24a8d557275db79252) Importer(815301076,1909f56bfc062723c751e8b465ee728b)  -> (artifact id: 'c50418e773a3fc8fb8864da220ece788') in 0.025590 seconds 
========================================================================
Received Prepare
Registering precompiled user dll's ...
Registered in 0.001282 seconds.
Begin MonoManager ReloadAssembly
Native extension for WindowsStandalone target not found
Refreshing native plugins compatible for Editor in 0.87 ms, found 1 plugins.
Preloading 0 native plugins for Editor in 0.00 ms.
Mono: successfully reloaded assembly
- Completed reload, in  0.868 seconds
Domain Reload Profiling:
	ReloadAssembly (869ms)
		BeginReloadAssembly (107ms)
			ExecutionOrderSort (0ms)
			DisableScriptedObjects (6ms)
			BackupInstance (0ms)
			ReleaseScriptingObjects (0ms)
			CreateAndSetChildDomain (32ms)
		EndReloadAssembly (704ms)
			LoadAssemblies (89ms)
			RebuildTransferFunctionScriptingTraits (0ms)
			SetupTypeCache (194ms)
			ReleaseScriptCaches (1ms)
			RebuildScriptCaches (38ms)
			SetupLoadedEditorAssemblies (267ms)
				LogAssemblyErrors (0ms)
				InitializePlatformSupportModulesInManaged (4ms)
				SetLoadedEditorAssemblies (0ms)
				RefreshPlugins (1ms)
				BeforeProcessingInitializeOnLoad (85ms)
				ProcessInitializeOnLoadAttributes (136ms)
				ProcessInitializeOnLoadMethodAttributes (35ms)
				AfterProcessingInitializeOnLoad (5ms)
				EditorAssembliesLoaded (0ms)
			ExecutionOrderSort2 (0ms)
			AwakeInstancesAfterBackupRestoration (5ms)
Platform modules already initialized, skipping
Switching build target platform(19) subTarget(0) extendedPlatform(0) -> platform(13) subTarget(537395200) extendedPlatform(0)
Refreshing native plugins compatible for Editor in 0.86 ms, found 1 plugins.
Preloading 0 native plugins for Editor in 0.00 ms.
Unloading 2129 Unused Serialized files (Serialized files now loaded: 0)
System memory in use before: 99.2 MB.
System memory in use after: 99.3 MB.

Unloading 30 unused Assets to reduce memory usage. Loaded Objects now: 2644.
Total: 6.763300 ms (FindLiveObjects: 0.280000 ms CreateObjectMapping: 0.057700 ms MarkObjects: 6.381000 ms  DeleteObjects: 0.042600 ms)

AssetImportParameters requested are different than current active one (requested -> active):
  custom:framework-win-MediaFoundation: 216162199b28c13a410421893ffa2e32 -> 
  custom:video-decoder-ogg-theora: a1e56fd34408186e4bbccfd4996cb3dc -> 
  custom:container-muxer-webm: aa71ff27fc2769a1b78a27578f13a17b -> 
  custom:container-demuxer-webm: 4f35f7cbe854078d1ac9338744f61a02 -> 
  custom:container-demuxer-ogg: 62fdf1f143b41e24485cea50d1cbac27 -> 
  custom:video-encoder-webm-vp8: eb34c28f22e8b96e1ab97ce403110664 -> 
  custom:video-decoder-webm-vp8: 9c59270c3fd7afecdb556c50c9e8de78 -> 
  custom:graphics/normal-map-encoding: 01000000000000000000000000000000 -> 02000000000000000000000000000000
  custom:audio-decoder-ogg-vorbis: bf7c407c2cedff20999df2af8eb42d56 -> 
  custom:audio-encoder-webm-vorbis: bf7c407c2cedff20999df2af8eb42d56 -> 
========================================================================
Received Import Request.
  Time since last request: 320.623407 seconds.
  path: Assets/sprites/Resources/Nuvem (1).prefab
  artifactKey: Guid(81a2d650a53405e42b6a6e825b0e4217) Importer(815301076,1909f56bfc062723c751e8b465ee728b)
Start importing Assets/sprites/Resources/Nuvem (1).prefab using Guid(81a2d650a53405e42b6a6e825b0e4217) Importer(815301076,1909f56bfc062723c751e8b465ee728b)  -> (artifact id: '00856cdf7c65651c383709153252b10d') in 0.070082 seconds 
========================================================================
Received Import Request.
  Time since last request: 141.518181 seconds.
  path: Assets/sprites/Resources/Nuvem (2).prefab
  artifactKey: Guid(f0e66685c294a6c4091ce425202d9a19) Importer(815301076,1909f56bfc062723c751e8b465ee728b)
Start importing Assets/sprites/Resources/Nuvem (2).prefab using Guid(f0e66685c294a6c4091ce425202d9a19) Importer(815301076,1909f56bfc062723c751e8b465ee728b)  -> (artifact id: '38480906635e8ed2f6676cc55b32104e') in 0.022368 seconds 
========================================================================
Received Import Request.
  Time since last request: 44.737404 seconds.
  path: Assets/sprites/Resources/Nuvem (3).prefab
  artifactKey: Guid(129a40fac7f8ef04a968fa2bdfc2af6b) Importer(815301076,1909f56bfc062723c751e8b465ee728b)
Start importing Assets/sprites/Resources/Nuvem (3).prefab using Guid(129a40fac7f8ef04a968fa2bdfc2af6b) Importer(815301076,1909f56bfc062723c751e8b465ee728b)  -> (artifact id: '965ac6bc6fc4046f8417711979b47148') in 0.025178 seconds 
========================================================================
Received Prepare
Registering precompiled user dll's ...
Registered in 0.001203 seconds.
Begin MonoManager ReloadAssembly
Native extension for WindowsStandalone target not found
Refreshing native plugins compatible for Editor in 0.87 ms, found 1 plugins.
Preloading 0 native plugins for Editor in 0.00 ms.
Mono: successfully reloaded assembly
- Completed reload, in  0.888 seconds
Domain Reload Profiling:
	ReloadAssembly (889ms)
		BeginReloadAssembly (116ms)
			ExecutionOrderSort (0ms)
			DisableScriptedObjects (6ms)
			BackupInstance (0ms)
			ReleaseScriptingObjects (0ms)
			CreateAndSetChildDomain (32ms)
		EndReloadAssembly (713ms)
			LoadAssemblies (100ms)
			RebuildTransferFunctionScriptingTraits (0ms)
			SetupTypeCache (201ms)
			ReleaseScriptCaches (1ms)
			RebuildScriptCaches (38ms)
			SetupLoadedEditorAssemblies (263ms)
				LogAssemblyErrors (0ms)
				InitializePlatformSupportModulesInManaged (4ms)
				SetLoadedEditorAssemblies (1ms)
				RefreshPlugins (1ms)
				BeforeProcessingInitializeOnLoad (83ms)
				ProcessInitializeOnLoadAttributes (135ms)
				ProcessInitializeOnLoadMethodAttributes (33ms)
				AfterProcessingInitializeOnLoad (6ms)
				EditorAssembliesLoaded (0ms)
			ExecutionOrderSort2 (0ms)
			AwakeInstancesAfterBackupRestoration (5ms)
Platform modules already initialized, skipping
Switching build target platform(19) subTarget(0) extendedPlatform(0) -> platform(13) subTarget(537395200) extendedPlatform(0)
Refreshing native plugins compatible for Editor in 0.85 ms, found 1 plugins.
Preloading 0 native plugins for Editor in 0.00 ms.
Unloading 2129 Unused Serialized files (Serialized files now loaded: 0)
System memory in use before: 99.2 MB.
System memory in use after: 99.3 MB.

Unloading 30 unused Assets to reduce memory usage. Loaded Objects now: 2648.
Total: 6.853500 ms (FindLiveObjects: 0.279800 ms CreateObjectMapping: 0.057400 ms MarkObjects: 6.474800 ms  DeleteObjects: 0.039600 ms)

AssetImportParameters requested are different than current active one (requested -> active):
  custom:framework-win-MediaFoundation: 216162199b28c13a410421893ffa2e32 -> 
  custom:video-decoder-ogg-theora: a1e56fd34408186e4bbccfd4996cb3dc -> 
  custom:container-muxer-webm: aa71ff27fc2769a1b78a27578f13a17b -> 
  custom:container-demuxer-webm: 4f35f7cbe854078d1ac9338744f61a02 -> 
  custom:container-demuxer-ogg: 62fdf1f143b41e24485cea50d1cbac27 -> 
  custom:video-encoder-webm-vp8: eb34c28f22e8b96e1ab97ce403110664 -> 
  custom:video-decoder-webm-vp8: 9c59270c3fd7afecdb556c50c9e8de78 -> 
  custom:graphics/normal-map-encoding: 01000000000000000000000000000000 -> 02000000000000000000000000000000
  custom:audio-decoder-ogg-vorbis: bf7c407c2cedff20999df2af8eb42d56 -> 
  custom:audio-encoder-webm-vorbis: bf7c407c2cedff20999df2af8eb42d56 -> 
AssetImportWorkerClient::OnTransportError - code=2 error=End of file
