Using pre-set license
Built from '2020.3/staging' branch; Version is '2020.3.37f1 (8c66806a0c04) revision 9201280'; Using compiler version '192528614'; Build Type 'Release'
OS: 'Windows 10  (10.0.19044) 64bit Professional' Language: 'pt' Physical Memory: 16340 MB
BatchMode: 1, IsHumanControllingUs: 0, StartBugReporterOnCrash: 0, Is64bit: 1, IsPro: 0

COMMAND LINE ARGUMENTS:
C:\Program Files\Unity\Hub\Editor\2020.3.37f1\Editor\Unity.exe
-adb2
-batchMode
-noUpm
-name
AssetImportWorker0
-projectPath
C:/Users/Fred/Documents/Projetos Unity/Nova pasta/Butterfly/Fly Butterfly2D
-logFile
Logs/AssetImportWorker0.log
-srvPort
63447
Successfully changed project path to: C:/Users/Fred/Documents/Projetos Unity/Nova pasta/Butterfly/Fly Butterfly2D
C:/Users/Fred/Documents/Projetos Unity/Nova pasta/Butterfly/Fly Butterfly2D
Using Asset Import Pipeline V2.
Refreshing native plugins compatible for Editor in 60.27 ms, found 1 plugins.
Preloading 0 native plugins for Editor in 0.00 ms.
Initialize engine version: 2020.3.37f1 (8c66806a0c04)
[Subsystems] Discovering subsystems at path C:/Program Files/Unity/Hub/Editor/2020.3.37f1/Editor/Data/Resources/UnitySubsystems
[Subsystems] Discovering subsystems at path C:/Users/Fred/Documents/Projetos Unity/Nova pasta/Butterfly/Fly Butterfly2D/Assets
GfxDevice: creating device client; threaded=0
Direct3D:
    Version:  Direct3D 11.0 [level 11.1]
    Renderer: Radeon RX550/550 Series (ID=0x67ff)
    Vendor:
    VRAM:     2027 MB
    Driver:   30.0.13023.4001
Initialize mono
Mono path[0] = 'C:/Program Files/Unity/Hub/Editor/2020.3.37f1/Editor/Data/Managed'
Mono path[1] = 'C:/Program Files/Unity/Hub/Editor/2020.3.37f1/Editor/Data/MonoBleedingEdge/lib/mono/unityjit'
Mono config path = 'C:/Program Files/Unity/Hub/Editor/2020.3.37f1/Editor/Data/MonoBleedingEdge/etc'
Using monoOptions --debugger-agent=transport=dt_socket,embedding=1,server=y,suspend=n,address=127.0.0.1:56656
Begin MonoManager ReloadAssembly
Registering precompiled unity dll's ...
Register platform support module: C:/Program Files/Unity/Hub/Editor/2020.3.37f1/Editor/Data/PlaybackEngines/WindowsStandaloneSupport/UnityEditor.WindowsStandalone.Extensions.dll
Registered in 0.001694 seconds.
Native extension for WindowsStandalone target not found
Refreshing native plugins compatible for Editor in 55.23 ms, found 1 plugins.
Preloading 0 native plugins for Editor in 0.00 ms.
Mono: successfully reloaded assembly
- Completed reload, in  0.579 seconds
Domain Reload Profiling:
	ReloadAssembly (579ms)
		BeginReloadAssembly (64ms)
			ExecutionOrderSort (0ms)
			DisableScriptedObjects (0ms)
			BackupInstance (0ms)
			ReleaseScriptingObjects (0ms)
			CreateAndSetChildDomain (1ms)
		EndReloadAssembly (448ms)
			LoadAssemblies (62ms)
			RebuildTransferFunctionScriptingTraits (0ms)
			SetupTypeCache (140ms)
			ReleaseScriptCaches (0ms)
			RebuildScriptCaches (28ms)
			SetupLoadedEditorAssemblies (181ms)
				LogAssemblyErrors (0ms)
				InitializePlatformSupportModulesInManaged (4ms)
				SetLoadedEditorAssemblies (0ms)
				RefreshPlugins (55ms)
				BeforeProcessingInitializeOnLoad (15ms)
				ProcessInitializeOnLoadAttributes (79ms)
				ProcessInitializeOnLoadMethodAttributes (27ms)
				AfterProcessingInitializeOnLoad (0ms)
				EditorAssembliesLoaded (0ms)
			ExecutionOrderSort2 (0ms)
			AwakeInstancesAfterBackupRestoration (0ms)
Platform modules already initialized, skipping
Registering precompiled user dll's ...
Registered in 0.001214 seconds.
Begin MonoManager ReloadAssembly
Native extension for WindowsStandalone target not found
Refreshing native plugins compatible for Editor in 54.26 ms, found 1 plugins.
Preloading 0 native plugins for Editor in 0.00 ms.
Mono: successfully reloaded assembly
- Completed reload, in  0.978 seconds
Domain Reload Profiling:
	ReloadAssembly (980ms)
		BeginReloadAssembly (147ms)
			ExecutionOrderSort (0ms)
			DisableScriptedObjects (4ms)
			BackupInstance (0ms)
			ReleaseScriptingObjects (0ms)
			CreateAndSetChildDomain (22ms)
		EndReloadAssembly (775ms)
			LoadAssemblies (86ms)
			RebuildTransferFunctionScriptingTraits (0ms)
			SetupTypeCache (210ms)
			ReleaseScriptCaches (1ms)
			RebuildScriptCaches (50ms)
			SetupLoadedEditorAssemblies (324ms)
				LogAssemblyErrors (0ms)
				InitializePlatformSupportModulesInManaged (4ms)
				SetLoadedEditorAssemblies (0ms)
				RefreshPlugins (54ms)
				BeforeProcessingInitializeOnLoad (87ms)
				ProcessInitializeOnLoadAttributes (132ms)
				ProcessInitializeOnLoadMethodAttributes (41ms)
				AfterProcessingInitializeOnLoad (5ms)
				EditorAssembliesLoaded (0ms)
			ExecutionOrderSort2 (0ms)
			AwakeInstancesAfterBackupRestoration (2ms)
Platform modules already initialized, skipping
========================================================================
Worker process is ready to serve import requests
Launched and connected shader compiler UnityShaderCompiler.exe after 0.04 seconds
Refreshing native plugins compatible for Editor in 0.83 ms, found 1 plugins.
Preloading 0 native plugins for Editor in 0.00 ms.
Unloading 2148 Unused Serialized files (Serialized files now loaded: 0)
System memory in use before: 97.7 MB.
System memory in use after: 97.8 MB.

Unloading 41 unused Assets to reduce memory usage. Loaded Objects now: 2573.
Total: 6.824200 ms (FindLiveObjects: 0.274700 ms CreateObjectMapping: 0.062500 ms MarkObjects: 6.362200 ms  DeleteObjects: 0.122800 ms)

AssetImportParameters requested are different than current active one (requested -> active):
  custom:framework-win-MediaFoundation: 216162199b28c13a410421893ffa2e32 ->
  custom:video-decoder-ogg-theora: a1e56fd34408186e4bbccfd4996cb3dc ->
  custom:container-muxer-webm: aa71ff27fc2769a1b78a27578f13a17b ->
  custom:container-demuxer-webm: 4f35f7cbe854078d1ac9338744f61a02 ->
  custom:container-demuxer-ogg: 62fdf1f143b41e24485cea50d1cbac27 ->
  custom:video-encoder-webm-vp8: eb34c28f22e8b96e1ab97ce403110664 ->
  custom:video-decoder-webm-vp8: 9c59270c3fd7afecdb556c50c9e8de78 ->
  custom:audio-decoder-ogg-vorbis: bf7c407c2cedff20999df2af8eb42d56 ->
  custom:audio-encoder-webm-vorbis: bf7c407c2cedff20999df2af8eb42d56 ->
========================================================================

AssetImportParameters requested are different than current active one (requested -> active):
  custom:framework-win-MediaFoundation: 216162199b28c13a410421893ffa2e32 ->
  custom:video-decoder-ogg-theora: a1e56fd34408186e4bbccfd4996cb3dc ->
  custom:container-muxer-webm: aa71ff27fc2769a1b78a27578f13a17b ->
  custom:container-demuxer-webm: 4f35f7cbe854078d1ac9338744f61a02 ->
  custom:container-demuxer-ogg: 62fdf1f143b41e24485cea50d1cbac27 ->
  custom:video-encoder-webm-vp8: eb34c28f22e8b96e1ab97ce403110664 ->
  custom:video-decoder-webm-vp8: 9c59270c3fd7afecdb556c50c9e8de78 ->
  custom:audio-decoder-ogg-vorbis: bf7c407c2cedff20999df2af8eb42d56 ->
  custom:audio-encoder-webm-vorbis: bf7c407c2cedff20999df2af8eb42d56 ->
========================================================================
Received Import Request.
  path: Assets/Scenes/Gameplay.unity
  artifactKey: Guid(5fbeb5b8b1248c1479bc708aa5f994a1) Importer(815301076,1909f56bfc062723c751e8b465ee728b)
Start importing Assets/Scenes/Gameplay.unity using Guid(5fbeb5b8b1248c1479bc708aa5f994a1) Importer(815301076,1909f56bfc062723c751e8b465ee728b)  -> (artifact id: '4d2e0fdcc58bc2679df9ec4fc7d198c9') in 0.009264 seconds
========================================================================
=======
Received Prepare
Registering precompiled user dll's ...
Registered in 0.001182 seconds.
Begin MonoManager ReloadAssembly
Native extension for WindowsStandalone target not found
Refreshing native plugins compatible for Editor in 0.85 ms, found 1 plugins.
Preloading 0 native plugins for Editor in 0.00 ms.
Mono: successfully reloaded assembly
- Completed reload, in  0.925 seconds
Domain Reload Profiling:
	ReloadAssembly (926ms)
		BeginReloadAssembly (131ms)
			ExecutionOrderSort (0ms)
			DisableScriptedObjects (7ms)
			BackupInstance (0ms)
			ReleaseScriptingObjects (0ms)
			CreateAndSetChildDomain (36ms)
		EndReloadAssembly (731ms)
			LoadAssemblies (111ms)
			RebuildTransferFunctionScriptingTraits (0ms)
			SetupTypeCache (240ms)
			ReleaseScriptCaches (1ms)
			RebuildScriptCaches (37ms)
			SetupLoadedEditorAssemblies (263ms)
>>>>>>> 76c88e7e27c66fb4a8daf287878efbe19c53c5e1
				LogAssemblyErrors (0ms)
				InitializePlatformSupportModulesInManaged (4ms)
				SetLoadedEditorAssemblies (0ms)
				RefreshPlugins (1ms)
				BeforeProcessingInitializeOnLoad (83ms)
				ProcessInitializeOnLoadAttributes (136ms)
				ProcessInitializeOnLoadMethodAttributes (33ms)
				AfterProcessingInitializeOnLoad (5ms)
				EditorAssembliesLoaded (0ms)
			ExecutionOrderSort2 (0ms)
			AwakeInstancesAfterBackupRestoration (5ms)
Platform modules already initialized, skipping
Switching build target platform(19) subTarget(0) extendedPlatform(0) -> platform(13) subTarget(537395200) extendedPlatform(0)
Refreshing native plugins compatible for Editor in 0.85 ms, found 1 plugins.
Preloading 0 native plugins for Editor in 0.00 ms.
Unloading 2127 Unused Serialized files (Serialized files now loaded: 0)
System memory in use before: 95.5 MB.
System memory in use after: 95.6 MB.

Unloading 30 unused Assets to reduce memory usage. Loaded Objects now: 2576.
Total: 6.694400 ms (FindLiveObjects: 0.268700 ms CreateObjectMapping: 0.057600 ms MarkObjects: 6.323500 ms  DeleteObjects: 0.043000 ms)

AssetImportParameters requested are different than current active one (requested -> active):
  custom:framework-win-MediaFoundation: 216162199b28c13a410421893ffa2e32 ->
  custom:video-decoder-ogg-theora: a1e56fd34408186e4bbccfd4996cb3dc ->
  custom:container-muxer-webm: aa71ff27fc2769a1b78a27578f13a17b ->
  custom:container-demuxer-webm: 4f35f7cbe854078d1ac9338744f61a02 ->
  custom:container-demuxer-ogg: 62fdf1f143b41e24485cea50d1cbac27 ->
  custom:video-encoder-webm-vp8: eb34c28f22e8b96e1ab97ce403110664 ->
  custom:video-decoder-webm-vp8: 9c59270c3fd7afecdb556c50c9e8de78 ->
  custom:graphics/normal-map-encoding: 01000000000000000000000000000000 -> 02000000000000000000000000000000
  custom:audio-decoder-ogg-vorbis: bf7c407c2cedff20999df2af8eb42d56 ->
  custom:audio-encoder-webm-vorbis: bf7c407c2cedff20999df2af8eb42d56 ->
========================================================================

AssetImportParameters requested are different than current active one (requested -> active):
  custom:framework-win-MediaFoundation: 216162199b28c13a410421893ffa2e32 ->
  custom:video-decoder-ogg-theora: a1e56fd34408186e4bbccfd4996cb3dc ->
  custom:container-muxer-webm: aa71ff27fc2769a1b78a27578f13a17b ->
  custom:container-demuxer-webm: 4f35f7cbe854078d1ac9338744f61a02 ->
  custom:container-demuxer-ogg: 62fdf1f143b41e24485cea50d1cbac27 ->
  custom:video-encoder-webm-vp8: eb34c28f22e8b96e1ab97ce403110664 ->
  custom:video-decoder-webm-vp8: 9c59270c3fd7afecdb556c50c9e8de78 ->
  custom:graphics/normal-map-encoding: 01000000000000000000000000000000 -> 02000000000000000000000000000000
  custom:audio-decoder-ogg-vorbis: bf7c407c2cedff20999df2af8eb42d56 ->
  custom:audio-encoder-webm-vorbis: bf7c407c2cedff20999df2af8eb42d56 ->
========================================================================
		BeginReloadAssembly (111ms)
			ExecutionOrderSort (0ms)
			DisableScriptedObjects (6ms)
			BackupInstance (0ms)
			ReleaseScriptingObjects (0ms)
			CreateAndSetChildDomain (33ms)
		EndReloadAssembly (699ms)
			LoadAssemblies (91ms)
			RebuildTransferFunctionScriptingTraits (0ms)
			SetupTypeCache (198ms)
			ReleaseScriptCaches (1ms)
			RebuildScriptCaches (39ms)
			SetupLoadedEditorAssemblies (268ms)
				LogAssemblyErrors (0ms)
				InitializePlatformSupportModulesInManaged (4ms)
				SetLoadedEditorAssemblies (1ms)
				RefreshPlugins (1ms)
				BeforeProcessingInitializeOnLoad (86ms)
				ProcessInitializeOnLoadAttributes (138ms)
				ProcessInitializeOnLoadMethodAttributes (33ms)
				AfterProcessingInitializeOnLoad (5ms)
				EditorAssembliesLoaded (0ms)
			ExecutionOrderSort2 (0ms)
			AwakeInstancesAfterBackupRestoration (5ms)
Platform modules already initialized, skipping
Switching build target platform(19) subTarget(0) extendedPlatform(0) -> platform(13) subTarget(537395200) extendedPlatform(0)
Refreshing native plugins compatible for Editor in 0.83 ms, found 1 plugins.
Preloading 0 native plugins for Editor in 0.00 ms.
Unloading 2127 Unused Serialized files (Serialized files now loaded: 0)
System memory in use before: 95.6 MB.
System memory in use after: 95.7 MB.

Unloading 30 unused Assets to reduce memory usage. Loaded Objects now: 2585.
Total: 6.674800 ms (FindLiveObjects: 0.264800 ms CreateObjectMapping: 0.056300 ms MarkObjects: 6.312000 ms  DeleteObjects: 0.039600 ms)

AssetImportParameters requested are different than current active one (requested -> active):
  custom:framework-win-MediaFoundation: 216162199b28c13a410421893ffa2e32 ->
  custom:video-decoder-ogg-theora: a1e56fd34408186e4bbccfd4996cb3dc ->
  custom:container-muxer-webm: aa71ff27fc2769a1b78a27578f13a17b ->
  custom:container-demuxer-webm: 4f35f7cbe854078d1ac9338744f61a02 ->
  custom:container-demuxer-ogg: 62fdf1f143b41e24485cea50d1cbac27 ->
  custom:video-encoder-webm-vp8: eb34c28f22e8b96e1ab97ce403110664 ->
  custom:video-decoder-webm-vp8: 9c59270c3fd7afecdb556c50c9e8de78 ->
  custom:graphics/normal-map-encoding: 01000000000000000000000000000000 -> 02000000000000000000000000000000
  custom:audio-decoder-ogg-vorbis: bf7c407c2cedff20999df2af8eb42d56 ->
  custom:audio-encoder-webm-vorbis: bf7c407c2cedff20999df2af8eb42d56 ->
========================================================================
			ExecutionOrderSort (0ms)
			DisableScriptedObjects (6ms)
			BackupInstance (0ms)
			ReleaseScriptingObjects (0ms)
			CreateAndSetChildDomain (34ms)
		EndReloadAssembly (733ms)
			LoadAssemblies (96ms)
			RebuildTransferFunctionScriptingTraits (0ms)
			SetupTypeCache (207ms)
			ReleaseScriptCaches (1ms)
			RebuildScriptCaches (38ms)
			SetupLoadedEditorAssemblies (265ms)
				LogAssemblyErrors (0ms)
				InitializePlatformSupportModulesInManaged (4ms)
				SetLoadedEditorAssemblies (0ms)
				RefreshPlugins (1ms)
				BeforeProcessingInitializeOnLoad (84ms)
				ProcessInitializeOnLoadAttributes (137ms)
				ProcessInitializeOnLoadMethodAttributes (33ms)
				AfterProcessingInitializeOnLoad (5ms)
				EditorAssembliesLoaded (0ms)
			ExecutionOrderSort2 (0ms)
			AwakeInstancesAfterBackupRestoration (5ms)
Platform modules already initialized, skipping
Switching build target platform(19) subTarget(0) extendedPlatform(0) -> platform(13) subTarget(537395200) extendedPlatform(0)
Refreshing native plugins compatible for Editor in 0.83 ms, found 1 plugins.
Preloading 0 native plugins for Editor in 0.00 ms.
Unloading 2127 Unused Serialized files (Serialized files now loaded: 0)
System memory in use before: 95.6 MB.
System memory in use after: 95.7 MB.

Unloading 30 unused Assets to reduce memory usage. Loaded Objects now: 2600.
Total: 7.240300 ms (FindLiveObjects: 0.287100 ms CreateObjectMapping: 0.062900 ms MarkObjects: 6.844600 ms  DeleteObjects: 0.043900 ms)

AssetImportParameters requested are different than current active one (requested -> active):
  custom:framework-win-MediaFoundation: 216162199b28c13a410421893ffa2e32 ->
  custom:video-decoder-ogg-theora: a1e56fd34408186e4bbccfd4996cb3dc ->
  custom:container-muxer-webm: aa71ff27fc2769a1b78a27578f13a17b ->
  custom:container-demuxer-webm: 4f35f7cbe854078d1ac9338744f61a02 ->
  custom:container-demuxer-ogg: 62fdf1f143b41e24485cea50d1cbac27 ->
  custom:video-encoder-webm-vp8: eb34c28f22e8b96e1ab97ce403110664 ->
  custom:video-decoder-webm-vp8: 9c59270c3fd7afecdb556c50c9e8de78 ->
  custom:graphics/normal-map-encoding: 01000000000000000000000000000000 -> 02000000000000000000000000000000
  custom:audio-decoder-ogg-vorbis: bf7c407c2cedff20999df2af8eb42d56 ->
  custom:audio-encoder-webm-vorbis: bf7c407c2cedff20999df2af8eb42d56 ->
========================================================================
				EditorAssembliesLoaded (0ms)
			ExecutionOrderSort2 (0ms)
			AwakeInstancesAfterBackupRestoration (6ms)
Platform modules already initialized, skipping
Switching build target platform(19) subTarget(0) extendedPlatform(0) -> platform(13) subTarget(537395200) extendedPlatform(0)
Refreshing native plugins compatible for Editor in 0.87 ms, found 1 plugins.
Preloading 0 native plugins for Editor in 0.00 ms.
Unloading 2127 Unused Serialized files (Serialized files now loaded: 0)
System memory in use before: 98.6 MB.
System memory in use after: 98.7 MB.

Unloading 30 unused Assets to reduce memory usage. Loaded Objects now: 2612.
Total: 7.149100 ms (FindLiveObjects: 0.285600 ms CreateObjectMapping: 0.072700 ms MarkObjects: 6.745500 ms  DeleteObjects: 0.043800 ms)

AssetImportParameters requested are different than current active one (requested -> active):
  custom:framework-win-MediaFoundation: 216162199b28c13a410421893ffa2e32 ->
  custom:video-decoder-ogg-theora: a1e56fd34408186e4bbccfd4996cb3dc ->
  custom:container-muxer-webm: aa71ff27fc2769a1b78a27578f13a17b ->
  custom:container-demuxer-webm: 4f35f7cbe854078d1ac9338744f61a02 ->
  custom:container-demuxer-ogg: 62fdf1f143b41e24485cea50d1cbac27 ->
  custom:video-encoder-webm-vp8: eb34c28f22e8b96e1ab97ce403110664 ->
  custom:video-decoder-webm-vp8: 9c59270c3fd7afecdb556c50c9e8de78 ->
  custom:graphics/normal-map-encoding: 01000000000000000000000000000000 -> 02000000000000000000000000000000
  custom:audio-decoder-ogg-vorbis: bf7c407c2cedff20999df2af8eb42d56 ->
  custom:audio-encoder-webm-vorbis: bf7c407c2cedff20999df2af8eb42d56 ->
========================================================================
			RebuildTransferFunctionScriptingTraits (0ms)
			SetupTypeCache (208ms)
			ReleaseScriptCaches (1ms)
			RebuildScriptCaches (38ms)
			SetupLoadedEditorAssemblies (270ms)
				LogAssemblyErrors (0ms)
				InitializePlatformSupportModulesInManaged (4ms)
				SetLoadedEditorAssemblies (0ms)
				RefreshPlugins (1ms)
				BeforeProcessingInitializeOnLoad (84ms)
				ProcessInitializeOnLoadAttributes (141ms)
				ProcessInitializeOnLoadMethodAttributes (34ms)
				AfterProcessingInitializeOnLoad (5ms)
				EditorAssembliesLoaded (0ms)
			ExecutionOrderSort2 (0ms)
			AwakeInstancesAfterBackupRestoration (5ms)
Platform modules already initialized, skipping
Switching build target platform(19) subTarget(0) extendedPlatform(0) -> platform(13) subTarget(537395200) extendedPlatform(0)
Refreshing native plugins compatible for Editor in 0.84 ms, found 1 plugins.
Preloading 0 native plugins for Editor in 0.00 ms.
Unloading 2127 Unused Serialized files (Serialized files now loaded: 0)
System memory in use before: 95.6 MB.
System memory in use after: 95.7 MB.

Unloading 30 unused Assets to reduce memory usage. Loaded Objects now: 2603.
Total: 7.096600 ms (FindLiveObjects: 0.271800 ms CreateObjectMapping: 0.058700 ms MarkObjects: 6.708100 ms  DeleteObjects: 0.055800 ms)

AssetImportParameters requested are different than current active one (requested -> active):
  custom:framework-win-MediaFoundation: 216162199b28c13a410421893ffa2e32 ->
  custom:video-decoder-ogg-theora: a1e56fd34408186e4bbccfd4996cb3dc ->
  custom:container-muxer-webm: aa71ff27fc2769a1b78a27578f13a17b ->
  custom:container-demuxer-webm: 4f35f7cbe854078d1ac9338744f61a02 ->
  custom:container-demuxer-ogg: 62fdf1f143b41e24485cea50d1cbac27 ->
  custom:video-encoder-webm-vp8: eb34c28f22e8b96e1ab97ce403110664 ->
  custom:video-decoder-webm-vp8: 9c59270c3fd7afecdb556c50c9e8de78 ->
  custom:graphics/normal-map-encoding: 01000000000000000000000000000000 -> 02000000000000000000000000000000
  custom:audio-decoder-ogg-vorbis: bf7c407c2cedff20999df2af8eb42d56 ->
  custom:audio-encoder-webm-vorbis: bf7c407c2cedff20999df2af8eb42d56 ->
========================================================================
Received Prepare
Registering precompiled user dll's ...
Registered in 0.001522 seconds.
Begin MonoManager ReloadAssembly
Native extension for WindowsStandalone target not found
Refreshing native plugins compatible for Editor in 0.90 ms, found 1 plugins.
Preloading 0 native plugins for Editor in 0.00 ms.
Mono: successfully reloaded assembly
- Completed reload, in  1.024 seconds
Domain Reload Profiling:
	ReloadAssembly (1025ms)
		BeginReloadAssembly (114ms)
			ExecutionOrderSort (0ms)
			DisableScriptedObjects (7ms)
			BackupInstance (0ms)
			ReleaseScriptingObjects (0ms)
			CreateAndSetChildDomain (32ms)
		EndReloadAssembly (851ms)
			LoadAssemblies (93ms)
			RebuildTransferFunctionScriptingTraits (0ms)
			SetupTypeCache (200ms)
			ReleaseScriptCaches (1ms)
			RebuildScriptCaches (38ms)
			SetupLoadedEditorAssemblies (347ms)
				LogAssemblyErrors (0ms)
				InitializePlatformSupportModulesInManaged (5ms)
				SetLoadedEditorAssemblies (1ms)
				RefreshPlugins (1ms)
				BeforeProcessingInitializeOnLoad (103ms)
				ProcessInitializeOnLoadAttributes (188ms)
				ProcessInitializeOnLoadMethodAttributes (40ms)
				AfterProcessingInitializeOnLoad (9ms)
				EditorAssembliesLoaded (0ms)
			ExecutionOrderSort2 (0ms)
			AwakeInstancesAfterBackupRestoration (11ms)
Platform modules already initialized, skipping
Switching build target platform(19) subTarget(0) extendedPlatform(0) -> platform(13) subTarget(537395200) extendedPlatform(0)
Refreshing native plugins compatible for Editor in 0.87 ms, found 1 plugins.
Preloading 0 native plugins for Editor in 0.00 ms.
Unloading 2127 Unused Serialized files (Serialized files now loaded: 0)
System memory in use before: 95.6 MB.
System memory in use after: 95.7 MB.

Unloading 30 unused Assets to reduce memory usage. Loaded Objects now: 2606.
Total: 7.864200 ms (FindLiveObjects: 0.299100 ms CreateObjectMapping: 0.073200 ms MarkObjects: 7.447100 ms  DeleteObjects: 0.042800 ms)

AssetImportParameters requested are different than current active one (requested -> active):
  custom:framework-win-MediaFoundation: 216162199b28c13a410421893ffa2e32 ->
  custom:video-decoder-ogg-theora: a1e56fd34408186e4bbccfd4996cb3dc ->
  custom:container-muxer-webm: aa71ff27fc2769a1b78a27578f13a17b ->
  custom:container-demuxer-webm: 4f35f7cbe854078d1ac9338744f61a02 ->
  custom:container-demuxer-ogg: 62fdf1f143b41e24485cea50d1cbac27 ->
  custom:video-encoder-webm-vp8: eb34c28f22e8b96e1ab97ce403110664 ->
  custom:video-decoder-webm-vp8: 9c59270c3fd7afecdb556c50c9e8de78 ->
  custom:graphics/normal-map-encoding: 01000000000000000000000000000000 -> 02000000000000000000000000000000
  custom:audio-decoder-ogg-vorbis: bf7c407c2cedff20999df2af8eb42d56 ->
  custom:audio-encoder-webm-vorbis: bf7c407c2cedff20999df2af8eb42d56 ->
========================================================================
Received Prepare
Registering precompiled user dll's ...
Registered in 0.001251 seconds.
Begin MonoManager ReloadAssembly
Native extension for WindowsStandalone target not found
Refreshing native plugins compatible for Editor in 0.87 ms, found 1 plugins.
Preloading 0 native plugins for Editor in 0.00 ms.
Mono: successfully reloaded assembly
- Completed reload, in  0.945 seconds
Domain Reload Profiling:
	ReloadAssembly (945ms)
		BeginReloadAssembly (110ms)
			ExecutionOrderSort (0ms)
			DisableScriptedObjects (6ms)
			BackupInstance (0ms)
			ReleaseScriptingObjects (0ms)
			CreateAndSetChildDomain (31ms)
		EndReloadAssembly (774ms)
			LoadAssemblies (98ms)
			RebuildTransferFunctionScriptingTraits (0ms)
			SetupTypeCache (211ms)
			ReleaseScriptCaches (1ms)
			RebuildScriptCaches (39ms)
			SetupLoadedEditorAssemblies (276ms)
				LogAssemblyErrors (0ms)
				InitializePlatformSupportModulesInManaged (4ms)
				SetLoadedEditorAssemblies (1ms)
				RefreshPlugins (1ms)
				BeforeProcessingInitializeOnLoad (85ms)
				ProcessInitializeOnLoadAttributes (146ms)
				ProcessInitializeOnLoadMethodAttributes (33ms)
				AfterProcessingInitializeOnLoad (5ms)
				EditorAssembliesLoaded (0ms)
			ExecutionOrderSort2 (0ms)
			AwakeInstancesAfterBackupRestoration (5ms)
Platform modules already initialized, skipping
Switching build target platform(19) subTarget(0) extendedPlatform(0) -> platform(13) subTarget(537395200) extendedPlatform(0)
Refreshing native plugins compatible for Editor in 0.84 ms, found 1 plugins.
Preloading 0 native plugins for Editor in 0.00 ms.
Unloading 2127 Unused Serialized files (Serialized files now loaded: 0)
System memory in use before: 95.6 MB.
System memory in use after: 95.7 MB.

Unloading 30 unused Assets to reduce memory usage. Loaded Objects now: 2618.
Total: 6.630300 ms (FindLiveObjects: 0.267900 ms CreateObjectMapping: 0.057300 ms MarkObjects: 6.264800 ms  DeleteObjects: 0.038700 ms)

AssetImportParameters requested are different than current active one (requested -> active):
  custom:framework-win-MediaFoundation: 216162199b28c13a410421893ffa2e32 ->
  custom:video-decoder-ogg-theora: a1e56fd34408186e4bbccfd4996cb3dc ->
  custom:container-muxer-webm: aa71ff27fc2769a1b78a27578f13a17b ->
  custom:container-demuxer-webm: 4f35f7cbe854078d1ac9338744f61a02 ->
  custom:container-demuxer-ogg: 62fdf1f143b41e24485cea50d1cbac27 ->
  custom:video-encoder-webm-vp8: eb34c28f22e8b96e1ab97ce403110664 ->
  custom:video-decoder-webm-vp8: 9c59270c3fd7afecdb556c50c9e8de78 ->
  custom:graphics/normal-map-encoding: 01000000000000000000000000000000 -> 02000000000000000000000000000000
  custom:audio-decoder-ogg-vorbis: bf7c407c2cedff20999df2af8eb42d56 ->
  custom:audio-encoder-webm-vorbis: bf7c407c2cedff20999df2af8eb42d56 ->
========================================================================

AssetImportParameters requested are different than current active one (requested -> active):
  custom:framework-win-MediaFoundation: 216162199b28c13a410421893ffa2e32 ->
  custom:video-decoder-ogg-theora: a1e56fd34408186e4bbccfd4996cb3dc ->
  custom:container-muxer-webm: aa71ff27fc2769a1b78a27578f13a17b ->
  custom:container-demuxer-webm: 4f35f7cbe854078d1ac9338744f61a02 ->
  custom:container-demuxer-ogg: 62fdf1f143b41e24485cea50d1cbac27 ->
  custom:video-encoder-webm-vp8: eb34c28f22e8b96e1ab97ce403110664 ->
  custom:video-decoder-webm-vp8: 9c59270c3fd7afecdb556c50c9e8de78 ->
  custom:graphics/normal-map-encoding: 01000000000000000000000000000000 -> 02000000000000000000000000000000
  custom:audio-decoder-ogg-vorbis: bf7c407c2cedff20999df2af8eb42d56 ->
  custom:audio-encoder-webm-vorbis: bf7c407c2cedff20999df2af8eb42d56 ->
AssetImportWorkerClient::OnTransportError - code=2 error=End of file
